[2023-08-16 11:49:02.843] [info] Updating Model file from 30000 to latest format...
[2023-08-16 11:49:02.997] [info] Loaded model FullBodyModel_MuscleActuatedLowerLimb_TorqueActuatedUpperBody from file C:\Git\research_data\ESMAC_2023\models\Rajagopal\Rajagopal2015.osim
[2023-08-16 11:49:57.722] [info] Loaded marker file C:\Git\research_data\ESMAC_2023\simulations\P03\pre\Static01\.\markers_HJC.trc (38 markers, 150 frames)
[2023-08-16 11:49:57.724] [info] Measurement 'pelvis_z'
[2023-08-16 11:49:57.724] [info] 	pair 0 (LASI, RASI): model = 0.256928, experimental = 0.248477
[2023-08-16 11:49:57.724] [info] 	overall scale factor = 0.967109
[2023-08-16 11:49:57.724] [info] Measurement 'pelvis_y'
[2023-08-16 11:49:57.724] [warning] Marker SACR in pelvis_y measurement not found in FullBodyModel_MuscleActuatedLowerLimb_TorqueActuatedUpperBody.
[2023-08-16 11:49:57.724] [info] Measurement 'femur_r_y'
[2023-08-16 11:49:57.725] [info] 	pair 0 (RHJC, RKJC): model = 0.406934, experimental = 0.373918
[2023-08-16 11:49:57.725] [info] 	overall scale factor = 0.918867
[2023-08-16 11:49:57.725] [info] Measurement 'femur_l_y'
[2023-08-16 11:49:57.725] [info] 	pair 0 (LKJC, LHJC): model = 0.406934, experimental = 0.381902
[2023-08-16 11:49:57.725] [info] 	overall scale factor = 0.938486
[2023-08-16 11:49:57.725] [info] Measurement 'tibia_r_y'
[2023-08-16 11:49:57.725] [info] 	pair 0 (RKJC, RAJC): model = 0.397874, experimental = 0.401798
[2023-08-16 11:49:57.725] [info] 	overall scale factor = 1.00986
[2023-08-16 11:49:57.725] [info] Measurement 'tibia_l_y'
[2023-08-16 11:49:57.725] [info] 	pair 0 (LKJC, LAJC): model = 0.397874, experimental = 0.403002
[2023-08-16 11:49:57.725] [info] 	overall scale factor = 1.01289
[2023-08-16 11:49:57.725] [info] Measurement 'talus_r_z'
[2023-08-16 11:49:57.725] [warning] Marker RANK in talus_r_z measurement not found in FullBodyModel_MuscleActuatedLowerLimb_TorqueActuatedUpperBody.
[2023-08-16 11:49:57.725] [info] Measurement 'talus_r_y'
[2023-08-16 11:49:57.725] [warning] Marker RHEE in talus_r_y measurement not found in FullBodyModel_MuscleActuatedLowerLimb_TorqueActuatedUpperBody.
[2023-08-16 11:49:57.725] [info] Measurement 'talus_l_z'
[2023-08-16 11:49:57.725] [warning] Marker LANK in talus_l_z measurement not found in FullBodyModel_MuscleActuatedLowerLimb_TorqueActuatedUpperBody.
[2023-08-16 11:49:57.725] [info] Measurement 'talus_l_y'
[2023-08-16 11:49:57.725] [warning] Marker LANK in talus_l_y measurement not found in FullBodyModel_MuscleActuatedLowerLimb_TorqueActuatedUpperBody.
[2023-08-16 11:49:57.725] [info] Measurement 'calcn_r_y'
[2023-08-16 11:49:57.725] [warning] Marker RHEE in calcn_r_y measurement not found in FullBodyModel_MuscleActuatedLowerLimb_TorqueActuatedUpperBody.
[2023-08-16 11:49:57.725] [info] Measurement 'calcn_l_y'
[2023-08-16 11:49:57.725] [warning] Marker LHEE in calcn_l_y measurement not found in FullBodyModel_MuscleActuatedLowerLimb_TorqueActuatedUpperBody.
[2023-08-16 11:49:57.725] [info] Measurement 'calcn_r_x'
[2023-08-16 11:49:57.725] [warning] Marker RHEE in calcn_r_x measurement not found in FullBodyModel_MuscleActuatedLowerLimb_TorqueActuatedUpperBody.
[2023-08-16 11:49:57.725] [info] Measurement 'calcn_l_x'
[2023-08-16 11:49:57.725] [warning] Marker LHEE in calcn_l_x measurement not found in FullBodyModel_MuscleActuatedLowerLimb_TorqueActuatedUpperBody.
[2023-08-16 11:49:57.725] [info] Measurement 'torso_x'
[2023-08-16 11:49:57.725] [warning] Marker STRN in torso_x measurement not found in FullBodyModel_MuscleActuatedLowerLimb_TorqueActuatedUpperBody.
[2023-08-16 11:49:57.725] [info] Measurement 'torso_y'
[2023-08-16 11:49:57.725] [warning] Marker SACR in torso_y measurement not found in FullBodyModel_MuscleActuatedLowerLimb_TorqueActuatedUpperBody.
[2023-08-16 11:49:57.726] [info] Measurement 'torso_z'
[2023-08-16 11:49:57.726] [info] 	pair 0 (LASI, RASI): model = 0.256928, experimental = 0.248477
[2023-08-16 11:49:57.726] [info] 	overall scale factor = 0.967109
[2023-08-16 11:49:57.726] [info] Measurement 'pelvis_x'
[2023-08-16 11:49:57.726] [warning] Marker SACR in pelvis_x measurement not found in FullBodyModel_MuscleActuatedLowerLimb_TorqueActuatedUpperBody.
[2023-08-16 11:49:57.732] [info] Loaded marker file C:\Git\research_data\ESMAC_2023\simulations\P03\pre\Static01\.\markers_HJC.trc (38 markers, 150 frames)
[2023-08-16 12:07:16.651] [info] Updating Model file from 30000 to latest format...
[2023-08-16 12:07:16.728] [info] Loaded model FullBodyModel_MuscleActuatedLowerLimb_TorqueActuatedUpperBody from file C:\Git\research_data\ESMAC_2023\models\Rajagopal\Rajagopal2015_UniVie.osim
[2023-08-16 12:08:36.245] [info] Updating Model file from 30000 to latest format...
[2023-08-16 12:08:36.316] [info] Loaded model Rajagopal2015_UniVie from file C:\Git\research_data\ESMAC_2023\models\Rajagopal\Rajagopal2015_UniVie.osim
[2023-08-16 12:15:27.502] [info] Updating Model file from 30000 to latest format...
[2023-08-16 12:17:43.135] [info] Updating Model file from 30000 to latest format...
[2023-08-16 12:18:58.631] [info] Updating Model file from 30000 to latest format...
[2023-08-16 12:18:58.700] [info] Loaded model FullBodyModel_MuscleActuatedLowerLimb_TorqueActuatedUpperBody from file C:\OpenSim 4.3\Resources\Models\Rajagopal_2015_FullBodyModel-4.0\Rajagopal2015.osim
[2023-08-16 12:20:42.888] [info] Updating Model file from 30000 to latest format...
[2023-08-16 12:21:28.432] [info] Updating Model file from 30000 to latest format...
[2023-08-16 12:21:28.523] [info] Loaded model FullBodyModel_MuscleActuatedLowerLimb_TorqueActuatedUpperBody from file C:\OpenSim 4.3\Resources\Models\Rajagopal_2015_FullBodyModel-4.0\Rajagopal2015.osim
[2023-08-16 13:45:55.171] [info] Updating Model file from 30000 to latest format...
[2023-08-16 13:45:55.245] [info] Loaded model FullBodyModel_MuscleActuatedLowerLimb_TorqueActuatedUpperBody from file C:\OpenSim 4.3\Resources\Models\Rajagopal_2015_FullBodyModel-4.0\Rajagopal2015.osim
[2023-08-16 13:47:57.932] [info] Updating Model file from 30000 to latest format...
[2023-08-16 13:48:11.007] [info] Updating Model file from 30000 to latest format...
[2023-08-16 13:49:05.050] [info] Updating Model file from 30000 to latest format...
[2023-08-16 13:49:05.121] [info] Loaded model FullBodyModel_MuscleActuatedLowerLimb_TorqueActuatedUpperBody from file C:\Git\research_data\ESMAC_2023\models\Rajagopal\Rajagopal2015_os3.osim
[2023-08-16 13:49:36.309] [info] Updating Model file from 30000 to latest format...
[2023-08-16 13:50:10.238] [info] Updating Model file from 30000 to latest format...
[2023-08-16 13:50:10.306] [info] Loaded model FullBodyModel_MuscleActuatedLowerLimb_TorqueActuatedUpperBody from file C:\Git\research_data\ESMAC_2023\models\Rajagopal\Rajagopal2015_os4.osim
[2023-08-16 13:51:34.835] [info] Updating Model file from 30000 to latest format...
[2023-08-16 13:51:34.900] [info] Loaded model FullBodyModel_MuscleActuatedLowerLimb_TorqueActuatedUpperBody from file C:\Git\research_data\ESMAC_2023\models\Rajagopal\Rajagopal2015_os4.osim
[2023-08-16 13:51:59.733] [info] Updating Model file from 30000 to latest format...
[2023-08-16 13:51:59.802] [info] Loaded model FullBodyModel_MuscleActuatedLowerLimb_TorqueActuatedUpperBody from file C:\Git\research_data\ESMAC_2023\models\Rajagopal\Rajagopal2015_os4.osim
[2023-08-16 13:52:14.734] [info] Updating Model file from 30000 to latest format...
[2023-08-16 13:52:14.809] [info] Loaded model FullBodyModel_MuscleActuatedLowerLimb_TorqueActuatedUpperBody from file C:\Git\research_data\ESMAC_2023\models\Rajagopal\Rajagopal2015_os4.osim
[2023-08-16 13:52:40.158] [info] Updating Model file from 30000 to latest format...
[2023-08-16 13:52:40.236] [info] Loaded model FullBodyModel_MuscleActuatedLowerLimb_TorqueActuatedUpperBody from file C:\Git\research_data\ESMAC_2023\models\Rajagopal\Rajagopal2015_os4.osim
[2023-08-16 13:53:39.973] [info] Updating Model file from 30000 to latest format...
[2023-08-16 13:53:40.045] [info] Loaded model Rajagopal2015_os4_UniVie from file C:\Git\research_data\ESMAC_2023\models\Rajagopal\Rajagopal2015_os4_UniVie.osim
[2023-08-16 13:55:01.434] [info] Loaded model Lernagopal_41_OUF_UniVie from file C:\Git\research_data\ESMAC_2023\models\Lernagopal\Lernagopal_41_OUF_UniVie.osim
