[2023-08-21 19:32:43.754] [info] Loaded model P03 from file C:\Git\research_data\ESMAC_2023\simulations\P03\pre\Rajagopal2015_os4_UniVie_scaled.osim
[2023-08-21 19:33:06.969] [info] Loaded model P03 from file C:\Git\research_data\ESMAC_2023\simulations\P03\pre\Rajagopal2015_os4_UniVie_scaled.osim
[2023-08-21 19:34:02.515] [info] Loaded model P03 from file C:\Git\research_data\ESMAC_2023\simulations\P03\pre\Rajagopal2015_os4_UniVie_scaled.osim
[2023-08-21 19:34:02.686] [cout] [info] 
               MODEL: P03
         coordinates: 39
              forces: 97
           actuators: 97
             muscles: 80
            analyses: 0
              probes: 0
              bodies: 22
              joints: 22
         constraints: 2
             markers: 38
         controllers: 0
  contact geometries: 0
misc modelcomponents: 0
[2023-08-21 19:34:02.686] [info] Running tool .
[2023-08-21 19:34:03.274] [info] Frame 346 (t = 2.30667):	 total squared error = 0.0126616, marker error: RMS = 0.0192977, max = 0.0640676 (RBAK)
[2023-08-21 19:34:03.309] [info] Frame 347 (t = 2.31333):	 total squared error = 0.0125518, marker error: RMS = 0.0192138, max = 0.0640055 (RBAK)
[2023-08-21 19:34:03.361] [info] Frame 348 (t = 2.32):	 total squared error = 0.0124323, marker error: RMS = 0.0191221, max = 0.0642094 (RBAK)
[2023-08-21 19:34:03.399] [info] Frame 349 (t = 2.32667):	 total squared error = 0.0123019, marker error: RMS = 0.0190216, max = 0.0642186 (RBAK)
[2023-08-21 19:34:03.443] [info] Frame 350 (t = 2.33333):	 total squared error = 0.0121644, marker error: RMS = 0.0189149, max = 0.0643069 (RBAK)
[2023-08-21 19:34:03.489] [info] Frame 351 (t = 2.34):	 total squared error = 0.0120269, marker error: RMS = 0.0188078, max = 0.0644292 (RBAK)
[2023-08-21 19:34:03.535] [info] Frame 352 (t = 2.34667):	 total squared error = 0.0118933, marker error: RMS = 0.0187030, max = 0.0645998 (RBAK)
[2023-08-21 19:34:03.580] [info] Frame 353 (t = 2.35333):	 total squared error = 0.0117685, marker error: RMS = 0.0186046, max = 0.0647082 (RBAK)
[2023-08-21 19:34:03.626] [info] Frame 354 (t = 2.36):	 total squared error = 0.0116574, marker error: RMS = 0.0185166, max = 0.0649076 (RBAK)
[2023-08-21 19:34:03.673] [info] Frame 355 (t = 2.36667):	 total squared error = 0.0115646, marker error: RMS = 0.0184427, max = 0.0650664 (RBAK)
[2023-08-21 19:34:03.719] [info] Frame 356 (t = 2.37333):	 total squared error = 0.011493, marker error: RMS = 0.0183855, max = 0.0652428 (RBAK)
[2023-08-21 19:34:03.761] [info] Frame 357 (t = 2.38):	 total squared error = 0.0114442, marker error: RMS = 0.0183465, max = 0.0654331 (RBAK)
[2023-08-21 19:34:03.800] [info] Frame 358 (t = 2.38667):	 total squared error = 0.0114183, marker error: RMS = 0.0183258, max = 0.0655635 (RBAK)
[2023-08-21 19:34:03.839] [info] Frame 359 (t = 2.39333):	 total squared error = 0.0114141, marker error: RMS = 0.0183224, max = 0.0657836 (RBAK)
[2023-08-21 19:34:03.867] [info] Frame 360 (t = 2.4):	 total squared error = 0.0114451, marker error: RMS = 0.0183472, max = 0.0655082 (RBAK)
[2023-08-21 19:34:03.908] [info] Frame 361 (t = 2.40667):	 total squared error = 0.0114603, marker error: RMS = 0.0183594, max = 0.0661875 (RBAK)
[2023-08-21 19:34:03.955] [info] Frame 362 (t = 2.41333):	 total squared error = 0.0115039, marker error: RMS = 0.0183943, max = 0.0664042 (RBAK)
[2023-08-21 19:34:04.002] [info] Frame 363 (t = 2.42):	 total squared error = 0.0115559, marker error: RMS = 0.0184358, max = 0.0665203 (RBAK)
[2023-08-21 19:34:04.050] [info] Frame 364 (t = 2.42667):	 total squared error = 0.0116127, marker error: RMS = 0.0184811, max = 0.0666915 (RBAK)
[2023-08-21 19:34:04.099] [info] Frame 365 (t = 2.43333):	 total squared error = 0.0116684, marker error: RMS = 0.0185254, max = 0.0667213 (RBAK)
[2023-08-21 19:34:04.152] [info] Frame 366 (t = 2.44):	 total squared error = 0.0117184, marker error: RMS = 0.018565, max = 0.0668507 (RBAK)
[2023-08-21 19:34:04.191] [info] Frame 367 (t = 2.44667):	 total squared error = 0.0117563, marker error: RMS = 0.018595, max = 0.0668257 (RBAK)
[2023-08-21 19:34:04.240] [info] Frame 368 (t = 2.45333):	 total squared error = 0.0117776, marker error: RMS = 0.0186118, max = 0.0668732 (RBAK)
[2023-08-21 19:34:04.288] [info] Frame 369 (t = 2.46):	 total squared error = 0.0117771, marker error: RMS = 0.0186114, max = 0.0668293 (RBAK)
[2023-08-21 19:34:04.361] [info] Frame 370 (t = 2.46667):	 total squared error = 0.0117533, marker error: RMS = 0.0185927, max = 0.0667487 (RBAK)
[2023-08-21 19:34:04.404] [info] Frame 371 (t = 2.47333):	 total squared error = 0.0117074, marker error: RMS = 0.0185563, max = 0.0666559 (RBAK)
[2023-08-21 19:34:04.448] [info] Frame 372 (t = 2.48):	 total squared error = 0.0116439, marker error: RMS = 0.0185059, max = 0.0665229 (RBAK)
[2023-08-21 19:34:04.479] [info] Frame 373 (t = 2.48667):	 total squared error = 0.0115752, marker error: RMS = 0.0184512, max = 0.0664393 (RBAK)
[2023-08-21 19:34:04.523] [info] Frame 374 (t = 2.49333):	 total squared error = 0.0114947, marker error: RMS = 0.0183869, max = 0.0662277 (RBAK)
[2023-08-21 19:34:04.565] [info] Frame 375 (t = 2.5):	 total squared error = 0.0114245, marker error: RMS = 0.0183307, max = 0.0661254 (RBAK)
[2023-08-21 19:34:04.600] [info] Frame 376 (t = 2.50667):	 total squared error = 0.0113697, marker error: RMS = 0.0182867, max = 0.0660589 (RBAK)
[2023-08-21 19:34:04.632] [info] Frame 377 (t = 2.51333):	 total squared error = 0.0113258, marker error: RMS = 0.0182513, max = 0.065833 (RBAK)
[2023-08-21 19:34:04.663] [info] Frame 378 (t = 2.52):	 total squared error = 0.0113017, marker error: RMS = 0.0182319, max = 0.065868 (RBAK)
[2023-08-21 19:34:04.702] [info] Frame 379 (t = 2.52667):	 total squared error = 0.0112858, marker error: RMS = 0.0182191, max = 0.0657158 (RBAK)
[2023-08-21 19:34:04.733] [info] Frame 380 (t = 2.53333):	 total squared error = 0.011282, marker error: RMS = 0.018216, max = 0.065782 (RBAK)
[2023-08-21 19:34:04.774] [info] Frame 381 (t = 2.54):	 total squared error = 0.0112709, marker error: RMS = 0.0182071, max = 0.065469 (RBAK)
[2023-08-21 19:34:04.810] [info] Frame 382 (t = 2.54667):	 total squared error = 0.0112648, marker error: RMS = 0.0182022, max = 0.0656005 (RBAK)
[2023-08-21 19:34:04.869] [info] Frame 383 (t = 2.55333):	 total squared error = 0.0112507, marker error: RMS = 0.0181908, max = 0.0655382 (RBAK)
[2023-08-21 19:34:04.898] [info] Frame 384 (t = 2.56):	 total squared error = 0.0112389, marker error: RMS = 0.0181812, max = 0.0657427 (RBAK)
[2023-08-21 19:34:04.960] [info] Frame 385 (t = 2.56667):	 total squared error = 0.0112036, marker error: RMS = 0.0181526, max = 0.0657118 (RBAK)
[2023-08-21 19:34:05.012] [info] Frame 386 (t = 2.57333):	 total squared error = 0.0111736, marker error: RMS = 0.0181283, max = 0.0658962 (RBAK)
[2023-08-21 19:34:05.061] [info] Frame 387 (t = 2.58):	 total squared error = 0.0111429, marker error: RMS = 0.0181034, max = 0.0661139 (RBAK)
[2023-08-21 19:34:05.106] [info] Frame 388 (t = 2.58667):	 total squared error = 0.0111187, marker error: RMS = 0.0180837, max = 0.0662834 (RBAK)
[2023-08-21 19:34:05.138] [info] Frame 389 (t = 2.59333):	 total squared error = 0.0111151, marker error: RMS = 0.0180808, max = 0.0667978 (RBAK)
[2023-08-21 19:34:05.202] [info] Frame 390 (t = 2.6):	 total squared error = 0.0111072, marker error: RMS = 0.0180744, max = 0.0667328 (RBAK)
[2023-08-21 19:34:05.246] [info] Frame 391 (t = 2.60667):	 total squared error = 0.0111369, marker error: RMS = 0.0180985, max = 0.0671099 (RBAK)
[2023-08-21 19:34:05.289] [info] Frame 392 (t = 2.61333):	 total squared error = 0.0111948, marker error: RMS = 0.0181455, max = 0.0674952 (RBAK)
[2023-08-21 19:34:05.331] [info] Frame 393 (t = 2.62):	 total squared error = 0.0112836, marker error: RMS = 0.0182173, max = 0.0677687 (RBAK)
[2023-08-21 19:34:05.377] [info] Frame 394 (t = 2.62667):	 total squared error = 0.0114088, marker error: RMS = 0.0183181, max = 0.0681485 (RBAK)
[2023-08-21 19:34:05.424] [info] Frame 395 (t = 2.63333):	 total squared error = 0.0115682, marker error: RMS = 0.0184456, max = 0.0685592 (RBAK)
[2023-08-21 19:34:05.485] [info] Frame 396 (t = 2.64):	 total squared error = 0.0117568, marker error: RMS = 0.0185954, max = 0.0689034 (RBAK)
[2023-08-21 19:34:05.556] [info] Frame 397 (t = 2.64667):	 total squared error = 0.0119664, marker error: RMS = 0.0187604, max = 0.0691957 (RBAK)
[2023-08-21 19:34:05.605] [info] Frame 398 (t = 2.65333):	 total squared error = 0.0121934, marker error: RMS = 0.0189375, max = 0.0696403 (RBAK)
[2023-08-21 19:34:05.655] [info] Frame 399 (t = 2.66):	 total squared error = 0.0124193, marker error: RMS = 0.0191121, max = 0.0699984 (RBAK)
[2023-08-21 19:34:05.690] [info] Frame 400 (t = 2.66667):	 total squared error = 0.0126433, marker error: RMS = 0.0192837, max = 0.0706757 (RBAK)
[2023-08-21 19:34:05.742] [info] Frame 401 (t = 2.67333):	 total squared error = 0.0128298, marker error: RMS = 0.0194254, max = 0.0708413 (RBAK)
[2023-08-21 19:34:05.794] [info] Frame 402 (t = 2.68):	 total squared error = 0.0129914, marker error: RMS = 0.0195474, max = 0.07119 (RBAK)
[2023-08-21 19:34:05.826] [info] Frame 403 (t = 2.68667):	 total squared error = 0.0131255, marker error: RMS = 0.019648, max = 0.0717501 (RBAK)
[2023-08-21 19:34:05.875] [info] Frame 404 (t = 2.69333):	 total squared error = 0.013214, marker error: RMS = 0.0197141, max = 0.0719983 (RBAK)
[2023-08-21 19:34:05.927] [info] Frame 405 (t = 2.7):	 total squared error = 0.0132783, marker error: RMS = 0.0197621, max = 0.072444 (RBAK)
[2023-08-21 19:34:05.965] [info] Frame 406 (t = 2.70667):	 total squared error = 0.0133139, marker error: RMS = 0.0197885, max = 0.0727353 (RBAK)
[2023-08-21 19:34:05.999] [info] Frame 407 (t = 2.71333):	 total squared error = 0.0133331, marker error: RMS = 0.0198028, max = 0.073166 (RBAK)
[2023-08-21 19:34:06.063] [info] Frame 408 (t = 2.72):	 total squared error = 0.0133242, marker error: RMS = 0.0197961, max = 0.0732717 (RBAK)
[2023-08-21 19:34:06.124] [info] Frame 409 (t = 2.72667):	 total squared error = 0.0133028, marker error: RMS = 0.0197802, max = 0.0734605 (RBAK)
[2023-08-21 19:34:06.181] [info] Frame 410 (t = 2.73333):	 total squared error = 0.0132624, marker error: RMS = 0.0197502, max = 0.0735833 (RBAK)
[2023-08-21 19:34:06.226] [info] Frame 411 (t = 2.74):	 total squared error = 0.0132016, marker error: RMS = 0.0197049, max = 0.0736605 (RBAK)
[2023-08-21 19:34:06.276] [info] Frame 412 (t = 2.74667):	 total squared error = 0.0131197, marker error: RMS = 0.0196436, max = 0.0736278 (RBAK)
[2023-08-21 19:34:06.320] [info] Frame 413 (t = 2.75333):	 total squared error = 0.0130112, marker error: RMS = 0.0195623, max = 0.0735635 (RBAK)
[2023-08-21 19:34:06.374] [info] Frame 414 (t = 2.76):	 total squared error = 0.0128766, marker error: RMS = 0.0194608, max = 0.0734456 (RBAK)
[2023-08-21 19:34:06.450] [info] Frame 415 (t = 2.76667):	 total squared error = 0.0127185, marker error: RMS = 0.019341, max = 0.0732224 (RBAK)
[2023-08-21 19:34:06.506] [info] Frame 416 (t = 2.77333):	 total squared error = 0.0125389, marker error: RMS = 0.0192039, max = 0.0729351 (RBAK)
[2023-08-21 19:34:06.546] [info] Frame 417 (t = 2.78):	 total squared error = 0.0123426, marker error: RMS = 0.0190530, max = 0.0725805 (RBAK)
[2023-08-21 19:34:06.595] [info] Frame 418 (t = 2.78667):	 total squared error = 0.0121314, marker error: RMS = 0.0188893, max = 0.0721542 (RBAK)
[2023-08-21 19:34:06.647] [info] Frame 419 (t = 2.79333):	 total squared error = 0.0119133, marker error: RMS = 0.0187187, max = 0.0716482 (RBAK)
[2023-08-21 19:34:06.678] [info] Frame 420 (t = 2.8):	 total squared error = 0.0117007, marker error: RMS = 0.0185509, max = 0.0710335 (RBAK)
[2023-08-21 19:34:06.729] [info] Frame 421 (t = 2.80667):	 total squared error = 0.0114832, marker error: RMS = 0.0183777, max = 0.0705047 (RBAK)
[2023-08-21 19:34:06.768] [info] Frame 422 (t = 2.81333):	 total squared error = 0.0112868, marker error: RMS = 0.0182199, max = 0.0699622 (RBAK)
[2023-08-21 19:34:06.814] [info] Frame 423 (t = 2.82):	 total squared error = 0.0111002, marker error: RMS = 0.0180686, max = 0.0692431 (RBAK)
[2023-08-21 19:34:06.856] [info] Frame 424 (t = 2.82667):	 total squared error = 0.0109332, marker error: RMS = 0.0179322, max = 0.0686138 (RBAK)
[2023-08-21 19:34:06.909] [info] Frame 425 (t = 2.83333):	 total squared error = 0.0107836, marker error: RMS = 0.0178091, max = 0.0681136 (RBAK)
[2023-08-21 19:34:06.965] [info] Frame 426 (t = 2.84):	 total squared error = 0.0106498, marker error: RMS = 0.0176983, max = 0.0676313 (RBAK)
[2023-08-21 19:34:07.009] [info] Frame 427 (t = 2.84667):	 total squared error = 0.0105254, marker error: RMS = 0.0175946, max = 0.0671327 (RBAK)
[2023-08-21 19:34:07.056] [info] Frame 428 (t = 2.85333):	 total squared error = 0.0104072, marker error: RMS = 0.0174956, max = 0.0667523 (RBAK)
[2023-08-21 19:34:07.098] [info] Frame 429 (t = 2.86):	 total squared error = 0.0102926, marker error: RMS = 0.017399, max = 0.0664107 (RBAK)
[2023-08-21 19:34:07.144] [info] Frame 430 (t = 2.86667):	 total squared error = 0.0101808, marker error: RMS = 0.0173042, max = 0.0660870 (RBAK)
[2023-08-21 19:34:07.186] [info] Frame 431 (t = 2.87333):	 total squared error = 0.0100740, marker error: RMS = 0.0172132, max = 0.0659199 (RBAK)
[2023-08-21 19:34:07.230] [info] Frame 432 (t = 2.88):	 total squared error = 0.00997209, marker error: RMS = 0.0171259, max = 0.0654815 (RBAK)
[2023-08-21 19:34:07.287] [info] Frame 433 (t = 2.88667):	 total squared error = 0.00988066, marker error: RMS = 0.0170472, max = 0.0652629 (RBAK)
[2023-08-21 19:34:07.337] [info] Frame 434 (t = 2.89333):	 total squared error = 0.00980187, marker error: RMS = 0.0169791, max = 0.0651503 (RBAK)
[2023-08-21 19:34:07.389] [info] Frame 435 (t = 2.9):	 total squared error = 0.00973737, marker error: RMS = 0.0169232, max = 0.0648921 (RBAK)
[2023-08-21 19:34:07.420] [info] Frame 436 (t = 2.90667):	 total squared error = 0.00969381, marker error: RMS = 0.0168853, max = 0.0648312 (RBAK)
[2023-08-21 19:34:07.461] [info] Frame 437 (t = 2.91333):	 total squared error = 0.00965483, marker error: RMS = 0.0168513, max = 0.0646198 (RBAK)
[2023-08-21 19:34:07.510] [info] Frame 438 (t = 2.92):	 total squared error = 0.00963578, marker error: RMS = 0.0168346, max = 0.0646197 (RBAK)
[2023-08-21 19:34:07.563] [info] Frame 439 (t = 2.92667):	 total squared error = 0.00962978, marker error: RMS = 0.0168294, max = 0.0645275 (RBAK)
[2023-08-21 19:34:07.624] [info] Frame 440 (t = 2.93333):	 total squared error = 0.00963602, marker error: RMS = 0.0168349, max = 0.0645216 (RBAK)
[2023-08-21 19:34:07.655] [info] Frame 441 (t = 2.94):	 total squared error = 0.00966257, marker error: RMS = 0.016858, max = 0.0646404 (RBAK)
[2023-08-21 19:34:07.701] [info] Frame 442 (t = 2.94667):	 total squared error = 0.00968045, marker error: RMS = 0.0168736, max = 0.0645064 (RBAK)
[2023-08-21 19:34:07.757] [info] Frame 443 (t = 2.95333):	 total squared error = 0.00971608, marker error: RMS = 0.0169046, max = 0.0645502 (RBAK)
[2023-08-21 19:34:07.784] [info] Frame 444 (t = 2.96):	 total squared error = 0.00976715, marker error: RMS = 0.016949, max = 0.0644993 (RBAK)
[2023-08-21 19:34:07.839] [info] Frame 445 (t = 2.96667):	 total squared error = 0.00980301, marker error: RMS = 0.0169801, max = 0.064555 (RBAK)
[2023-08-21 19:34:07.881] [info] Frame 446 (t = 2.97333):	 total squared error = 0.00984881, marker error: RMS = 0.0170197, max = 0.064552 (RBAK)
[2023-08-21 19:34:07.919] [info] Frame 447 (t = 2.98):	 total squared error = 0.00989530, marker error: RMS = 0.0170598, max = 0.064566 (RBAK)
[2023-08-21 19:34:07.970] [info] Frame 448 (t = 2.98667):	 total squared error = 0.00993095, marker error: RMS = 0.0170905, max = 0.0644755 (RBAK)
[2023-08-21 19:34:07.998] [info] Frame 449 (t = 2.99333):	 total squared error = 0.00996833, marker error: RMS = 0.0171227, max = 0.0643816 (RBAK)
[2023-08-21 19:34:08.035] [info] Frame 450 (t = 3.0):	 total squared error = 0.00999476, marker error: RMS = 0.0171454, max = 0.0644646 (RBAK)
[2023-08-21 19:34:08.088] [info] Frame 451 (t = 3.00667):	 total squared error = 0.0100116, marker error: RMS = 0.0171598, max = 0.0640671 (RBAK)
[2023-08-21 19:34:08.115] [info] Frame 452 (t = 3.01333):	 total squared error = 0.0100352, marker error: RMS = 0.01718, max = 0.0637658 (RBAK)
[2023-08-21 19:34:08.153] [info] Frame 453 (t = 3.02):	 total squared error = 0.0100515, marker error: RMS = 0.017194, max = 0.0638017 (RBAK)
[2023-08-21 19:34:08.209] [info] Frame 454 (t = 3.02667):	 total squared error = 0.0100594, marker error: RMS = 0.0172008, max = 0.0632884 (RBAK)
[2023-08-21 19:34:08.265] [info] Frame 455 (t = 3.03333):	 total squared error = 0.0100770, marker error: RMS = 0.0172158, max = 0.0630365 (RBAK)
[2023-08-21 19:34:08.313] [info] Frame 456 (t = 3.04):	 total squared error = 0.0101073, marker error: RMS = 0.0172416, max = 0.0626602 (RBAK)
[2023-08-21 19:34:08.387] [info] Frame 457 (t = 3.04667):	 total squared error = 0.0101265, marker error: RMS = 0.017258, max = 0.0623876 (RBAK)
[2023-08-21 19:34:08.470] [info] Frame 458 (t = 3.05333):	 total squared error = 0.0101624, marker error: RMS = 0.0172885, max = 0.0620883 (RBAK)
[2023-08-21 19:34:08.509] [info] Frame 459 (t = 3.06):	 total squared error = 0.0102149, marker error: RMS = 0.0173331, max = 0.0617453 (RBAK)
[2023-08-21 19:34:08.576] [info] Frame 460 (t = 3.06667):	 total squared error = 0.0102653, marker error: RMS = 0.0173759, max = 0.0615664 (RBAK)
[2023-08-21 19:34:08.611] [info] Frame 461 (t = 3.07333):	 total squared error = 0.0103414, marker error: RMS = 0.0174401, max = 0.0613367 (RBAK)
[2023-08-21 19:34:08.658] [info] Frame 462 (t = 3.08):	 total squared error = 0.0104242, marker error: RMS = 0.0175099, max = 0.0612428 (RBAK)
[2023-08-21 19:34:08.694] [info] Frame 463 (t = 3.08667):	 total squared error = 0.0105379, marker error: RMS = 0.0176050, max = 0.0608818 (RBAK)
[2023-08-21 19:34:08.748] [info] Frame 464 (t = 3.09333):	 total squared error = 0.0106561, marker error: RMS = 0.0177035, max = 0.0609715 (RBAK)
[2023-08-21 19:34:08.804] [info] Frame 465 (t = 3.1):	 total squared error = 0.0108105, marker error: RMS = 0.0178314, max = 0.0608869 (RBAK)
[2023-08-21 19:34:08.897] [info] Frame 466 (t = 3.10667):	 total squared error = 0.0109790, marker error: RMS = 0.0179697, max = 0.0608836 (RBAK)
[2023-08-21 19:34:08.931] [info] Frame 467 (t = 3.11333):	 total squared error = 0.0111831, marker error: RMS = 0.018136, max = 0.0608105 (RBAK)
[2023-08-21 19:34:08.977] [info] Frame 468 (t = 3.12):	 total squared error = 0.0113915, marker error: RMS = 0.0183042, max = 0.0611124 (RBAK)
[2023-08-21 19:34:09.026] [info] Frame 469 (t = 3.12667):	 total squared error = 0.0116168, marker error: RMS = 0.0184843, max = 0.061284 (RBAK)
[2023-08-21 19:34:09.058] [info] Frame 470 (t = 3.13333):	 total squared error = 0.011851, marker error: RMS = 0.0186697, max = 0.0613022 (RBAK)
[2023-08-21 19:34:09.112] [info] Frame 471 (t = 3.14):	 total squared error = 0.0120579, marker error: RMS = 0.018832, max = 0.0616277 (RBAK)
[2023-08-21 19:34:09.154] [info] Frame 472 (t = 3.14667):	 total squared error = 0.0122584, marker error: RMS = 0.0189879, max = 0.0618397 (RBAK)
[2023-08-21 19:34:09.207] [info] Frame 473 (t = 3.15333):	 total squared error = 0.0124239, marker error: RMS = 0.0191157, max = 0.0619523 (RBAK)
[2023-08-21 19:34:09.263] [info] Frame 474 (t = 3.16):	 total squared error = 0.012566, marker error: RMS = 0.0192247, max = 0.0621239 (RBAK)
[2023-08-21 19:34:09.296] [info] Frame 475 (t = 3.16667):	 total squared error = 0.0126875, marker error: RMS = 0.0193174, max = 0.0623277 (RBAK)
[2023-08-21 19:34:09.338] [info] Frame 476 (t = 3.17333):	 total squared error = 0.0127688, marker error: RMS = 0.0193792, max = 0.0625074 (RBAK)
[2023-08-21 19:34:09.368] [info] Frame 477 (t = 3.18):	 total squared error = 0.0128428, marker error: RMS = 0.0194353, max = 0.0626283 (RBAK)
[2023-08-21 19:34:09.406] [info] Frame 478 (t = 3.18667):	 total squared error = 0.0128909, marker error: RMS = 0.0194716, max = 0.0629326 (RBAK)
[2023-08-21 19:34:09.452] [info] Frame 479 (t = 3.19333):	 total squared error = 0.0129204, marker error: RMS = 0.0194939, max = 0.0631494 (RBAK)
[2023-08-21 19:34:09.506] [info] Frame 480 (t = 3.2):	 total squared error = 0.0129366, marker error: RMS = 0.0195061, max = 0.0633169 (RBAK)
[2023-08-21 19:34:09.545] [info] Frame 481 (t = 3.20667):	 total squared error = 0.0129401, marker error: RMS = 0.0195087, max = 0.063495 (RBAK)
[2023-08-21 19:34:09.614] [info] Frame 482 (t = 3.21333):	 total squared error = 0.0129238, marker error: RMS = 0.0194965, max = 0.0638511 (RBAK)
[2023-08-21 19:34:09.642] [info] InverseKinematicsTool completed 137 frames in 6 second(s).
[2023-08-21 19:34:28.223] [info] Loaded model P03 from file C:\Git\research_data\ESMAC_2023\simulations\P03\pre\Rajagopal2015_os4_UniVie_scaled.osim
[2023-08-21 19:34:28.309] [info] Storage: read data file = C:\Git\research_data\ESMAC_2023\simulations\P03\pre\Dynamic03_l\ik.mot (nr=137 nc=40)
[2023-08-21 19:34:28.388] [cout] [info] 
               MODEL: P03
         coordinates: 39
              forces: 97
           actuators: 97
             muscles: 80
            analyses: 0
              probes: 0
              bodies: 22
              joints: 22
         constraints: 2
             markers: 38
         controllers: 0
  contact geometries: 0
misc modelcomponents: 0
[2023-08-21 19:34:28.388] [info] Running tool ...
[2023-08-21 19:34:28.574] [info] Storage: read data file = grf.mot (nr=7650 nc=28)
[2023-08-21 19:34:28.694] [info] ExternalForce::grf_r_2 Data source being set to grf
[2023-08-21 19:34:28.694] [info] ExternalForce::grf_l_1 Data source being set to grf
[2023-08-21 19:34:28.694] [info] ExternalForce::grf_l_3 Data source being set to grf
[2023-08-21 19:34:28.725] [info] Storage: read data file = C:\Git\research_data\ESMAC_2023\simulations\P03\pre\Dynamic03_l\ik.mot (nr=137 nc=40)
[2023-08-21 19:34:28.729] [info] Low-pass filtering coordinates data with a cutoff frequency of 6.0...
[2023-08-21 19:34:30.315] [info] InverseDynamicsTool: 137 time frames in 1 second(s).
[2023-08-21 19:34:30.316] [warning] Directory 'c:\Git\research_data\ESMAC_2023\simulations\P03\pre\Dynamic03_l\' was specified where only file name 'inverse_dynamics' is expected. The directory will be ignored. Result files will be written to directory '.\' instead.
[2023-08-21 19:40:02.726] [info] Loaded model P03 from file C:\Git\research_data\ESMAC_2023\simulations\P03\pre\Rajagopal2015_os4_UniVie_scaled.osim
[2023-08-21 19:40:02.820] [info] Storage: read data file = C:\Git\research_data\ESMAC_2023\simulations\P03\pre\Dynamic03_l\ik.mot (nr=137 nc=40)
[2023-08-21 19:40:02.902] [cout] [info] 
               MODEL: P03
         coordinates: 39
              forces: 97
           actuators: 97
             muscles: 80
            analyses: 0
              probes: 0
              bodies: 22
              joints: 22
         constraints: 2
             markers: 38
         controllers: 0
  contact geometries: 0
misc modelcomponents: 0
[2023-08-21 19:40:02.902] [info] Running tool ...
[2023-08-21 19:40:03.101] [info] Storage: read data file = grf.mot (nr=7650 nc=28)
[2023-08-21 19:40:03.239] [info] ExternalForce::grf_r_2 Data source being set to grf
[2023-08-21 19:40:03.239] [info] ExternalForce::grf_l_1 Data source being set to grf
[2023-08-21 19:40:03.239] [info] ExternalForce::grf_l_3 Data source being set to grf
[2023-08-21 19:40:03.267] [info] Storage: read data file = C:\Git\research_data\ESMAC_2023\simulations\P03\pre\Dynamic03_l\ik.mot (nr=137 nc=40)
[2023-08-21 19:40:03.271] [info] Low-pass filtering coordinates data with a cutoff frequency of 6.0...
[2023-08-21 19:40:05.030] [info] InverseDynamicsTool: 137 time frames in 2 second(s).
[2023-08-21 19:40:05.030] [warning] Directory 'c:\Git\research_data\ESMAC_2023\simulations\P03\pre\Dynamic03_l\' was specified where only file name 'inverse_dynamics' is expected. The directory will be ignored. Result files will be written to directory '.\' instead.
[2023-08-21 19:41:49.108] [info] Loaded model P03 from file C:\Git\research_data\ESMAC_2023\simulations\P03\pre\Rajagopal2015_os4_UniVie_scaled.osim
[2023-08-21 19:41:49.239] [info] Storage: read data file = C:\Git\research_data\ESMAC_2023\simulations\P03\pre\Dynamic03_l\ik.mot (nr=137 nc=40)
[2023-08-21 19:41:54.625] [info] Storage: read data file = C:\Git\research_data\ESMAC_2023\simulations\P03\pre\Dynamic03_l\ik.mot (nr=137 nc=40)
[2023-08-21 19:41:54.691] [info] Loaded model P03 from file C:\Git\research_data\ESMAC_2023\simulations\P03\pre\Rajagopal2015_os4_UniVie_scaled.osim
[2023-08-21 19:41:54.944] [info] AbstractTool  loading model C:\Git\research_data\ESMAC_2023\simulations\P03\pre\Rajagopal2015_os4_UniVie_scaled.osim
[2023-08-21 19:41:55.012] [info] Loaded model P03 from file C:\Git\research_data\ESMAC_2023\simulations\P03\pre\Rajagopal2015_os4_UniVie_scaled.osim
[2023-08-21 19:41:55.159] [info] Adding force object set from .\SO_actuators.xml
[2023-08-21 19:43:25.905] [warning] ComponentSet 'componentset' has subcomponents with duplicate name 'externalloads'. The duplicate is being renamed to 'externalloads_0'.
[2023-08-21 19:43:25.969] [info] ExternalLoads 'externalloads_0' was renamed and is being reset to 'externalloads'.
[2023-08-21 19:43:25.969] [warning] ComponentSet 'componentset' has subcomponents with duplicate name 'externalloads'. The duplicate is being renamed to 'externalloads_0'.
[2023-08-21 19:43:26.040] [info] ExternalLoads 'externalloads_0' was renamed and is being reset to 'externalloads'.
[2023-08-21 19:43:26.040] [warning] ComponentSet 'componentset' has subcomponents with duplicate name 'externalloads'. The duplicate is being renamed to 'externalloads_0'.
[2023-08-21 19:43:40.748] [info] Loaded model P03 from file C:\Git\research_data\ESMAC_2023\simulations\P03\pre\Rajagopal2015_os4_UniVie_scaled.osim
[2023-08-21 19:43:40.871] [info] Storage: read data file = C:\Git\research_data\ESMAC_2023\simulations\P03\pre\Dynamic03_l\ik.mot (nr=137 nc=40)
[2023-08-21 19:43:41.158] [info] Storage: read data file = C:\Git\research_data\ESMAC_2023\simulations\P03\pre\Dynamic03_l\ik.mot (nr=137 nc=40)
[2023-08-21 19:43:41.228] [info] Loaded model P03 from file C:\Git\research_data\ESMAC_2023\simulations\P03\pre\Rajagopal2015_os4_UniVie_scaled.osim
[2023-08-21 19:43:41.450] [info] AbstractTool  loading model C:\Git\research_data\ESMAC_2023\simulations\P03\pre\Rajagopal2015_os4_UniVie_scaled.osim
[2023-08-21 19:43:41.525] [info] Loaded model P03 from file C:\Git\research_data\ESMAC_2023\simulations\P03\pre\Rajagopal2015_os4_UniVie_scaled.osim
[2023-08-21 19:43:41.679] [info] Adding force object set from .\SO_actuators.xml
[2023-08-21 19:43:41.904] [info] Storage: read data file = grf.mot (nr=7650 nc=28)
[2023-08-21 19:43:42.021] [info] ExternalForce::grf_r_2 Data source being set to grf
[2023-08-21 19:43:42.021] [info] ExternalForce::grf_l_1 Data source being set to grf
[2023-08-21 19:43:42.021] [info] ExternalForce::grf_l_3 Data source being set to grf
[2023-08-21 19:43:42.038] [info] Loading coordinates from file 'C:\Git\research_data\ESMAC_2023\simulations\P03\pre\Dynamic03_l\ik.mot'.
[2023-08-21 19:43:42.039] [info] Storage: read data file = C:\Git\research_data\ESMAC_2023\simulations\P03\pre\Dynamic03_l\ik.mot (nr=137 nc=40)
[2023-08-21 19:43:42.043] [info] Low-pass filtering coordinates data with a cutoff frequency of 6.0...
[2023-08-21 19:43:42.560] [info] AssemblySolver::track() attempt Failed: SimTK Exception thrown at Assembler.cpp:973:
  Method Assembler::track() failed because:
Unable to achieve required assembly error tolerance.
Assembly error tolerance achieved: 6.835308869442066e-09 required: 1e-10.
[2023-08-21 19:43:42.574] [error] Model unable to assemble: AssemblySolver::assemble() Failed: SimTK Exception thrown at Assembler.cpp:897:
  Method Assembler::assemble() failed because:
Unable to achieve required assembly error tolerance.
Assembly error tolerance achieved: 6.8353088819368004e-09 required: 1e-10..Model relaxing constraints and trying again.
[2023-08-21 19:43:42.949] [info] Found 273 state vectors with time stamps ranging from 1.85333 to 3.66666.
[2023-08-21 19:43:42.949] [info] Executing the analyses from 2.30667 to 3.21333...
[2023-08-21 19:43:43.137] [info] Storage: read data file = grf.mot (nr=7650 nc=28)
[2023-08-21 19:43:43.259] [info] ExternalForce::grf_r_2 Data source being set to grf
[2023-08-21 19:43:43.259] [info] ExternalForce::grf_l_1 Data source being set to grf
[2023-08-21 19:43:43.259] [info] ExternalForce::grf_l_3 Data source being set to grf
[2023-08-21 19:43:43.352] [info] Storage: read data file = grf.mot (nr=7650 nc=28)
[2023-08-21 19:43:43.477] [info] ExternalForce::grf_r_2 Data source being set to grf
[2023-08-21 19:43:43.477] [info] ExternalForce::grf_l_1 Data source being set to grf
[2023-08-21 19:43:43.477] [info] ExternalForce::grf_l_3 Data source being set to grf
[2023-08-21 19:43:45.250] [cout] [info] time = 2.30667 Performance = 0.303214 Constraint violation = 9.20787e-13
[2023-08-21 19:43:45.252] [info] Bounds for 'addbrev_r': 0.01 to 1.0.
[2023-08-21 19:43:45.252] [info] Bounds for 'addlong_r': 0.01 to 1.0.
[2023-08-21 19:43:45.252] [info] Bounds for 'addmagDist_r': 0.01 to 1.0.
[2023-08-21 19:43:45.252] [info] Bounds for 'addmagIsch_r': 0.01 to 1.0.
[2023-08-21 19:43:45.252] [info] Bounds for 'addmagMid_r': 0.01 to 1.0.
[2023-08-21 19:43:45.252] [info] Bounds for 'addmagProx_r': 0.01 to 1.0.
[2023-08-21 19:43:45.252] [info] Bounds for 'bflh_r': 0.01 to 1.0.
[2023-08-21 19:43:45.252] [info] Bounds for 'bfsh_r': 0.01 to 1.0.
[2023-08-21 19:43:45.252] [info] Bounds for 'edl_r': 0.01 to 1.0.
[2023-08-21 19:43:45.252] [info] Bounds for 'ehl_r': 0.01 to 1.0.
[2023-08-21 19:43:45.252] [info] Bounds for 'fdl_r': 0.01 to 1.0.
[2023-08-21 19:43:45.252] [info] Bounds for 'fhl_r': 0.01 to 1.0.
[2023-08-21 19:43:45.252] [info] Bounds for 'gaslat_r': 0.01 to 1.0.
[2023-08-21 19:43:45.253] [info] Bounds for 'gasmed_r': 0.01 to 1.0.
[2023-08-21 19:43:45.253] [info] Bounds for 'glmax1_r': 0.01 to 1.0.
[2023-08-21 19:43:45.253] [info] Bounds for 'glmax2_r': 0.01 to 1.0.
[2023-08-21 19:43:45.253] [info] Bounds for 'glmax3_r': 0.01 to 1.0.
[2023-08-21 19:43:45.253] [info] Bounds for 'glmed1_r': 0.01 to 1.0.
[2023-08-21 19:43:45.253] [info] Bounds for 'glmed2_r': 0.01 to 1.0.
[2023-08-21 19:43:45.253] [info] Bounds for 'glmed3_r': 0.01 to 1.0.
[2023-08-21 19:43:45.253] [info] Bounds for 'glmin1_r': 0.01 to 1.0.
[2023-08-21 19:43:45.253] [info] Bounds for 'glmin2_r': 0.01 to 1.0.
[2023-08-21 19:43:45.253] [info] Bounds for 'glmin3_r': 0.01 to 1.0.
[2023-08-21 19:43:45.253] [info] Bounds for 'grac_r': 0.01 to 1.0.
[2023-08-21 19:43:45.253] [info] Bounds for 'iliacus_r': 0.01 to 1.0.
[2023-08-21 19:43:45.253] [info] Bounds for 'perbrev_r': 0.01 to 1.0.
[2023-08-21 19:43:45.253] [info] Bounds for 'perlong_r': 0.01 to 1.0.
[2023-08-21 19:43:45.253] [info] Bounds for 'piri_r': 0.01 to 1.0.
[2023-08-21 19:43:45.253] [info] Bounds for 'psoas_r': 0.01 to 1.0.
[2023-08-21 19:43:45.253] [info] Bounds for 'recfem_r': 0.01 to 1.0.
[2023-08-21 19:43:45.253] [info] Bounds for 'sart_r': 0.01 to 1.0.
[2023-08-21 19:43:45.253] [info] Bounds for 'semimem_r': 0.01 to 1.0.
[2023-08-21 19:43:45.253] [info] Bounds for 'semiten_r': 0.01 to 1.0.
[2023-08-21 19:43:45.253] [info] Bounds for 'soleus_r': 0.01 to 1.0.
[2023-08-21 19:43:45.253] [info] Bounds for 'tfl_r': 0.01 to 1.0.
[2023-08-21 19:43:45.253] [info] Bounds for 'tibant_r': 0.01 to 1.0.
[2023-08-21 19:43:45.253] [info] Bounds for 'tibpost_r': 0.01 to 1.0.
[2023-08-21 19:43:45.253] [info] Bounds for 'vasint_r': 0.01 to 1.0.
[2023-08-21 19:43:45.253] [info] Bounds for 'vaslat_r': 0.01 to 1.0.
[2023-08-21 19:43:45.253] [info] Bounds for 'vasmed_r': 0.01 to 1.0.
[2023-08-21 19:43:45.253] [info] Bounds for 'addbrev_l': 0.01 to 1.0.
[2023-08-21 19:43:45.253] [info] Bounds for 'addlong_l': 0.01 to 1.0.
[2023-08-21 19:43:45.253] [info] Bounds for 'addmagDist_l': 0.01 to 1.0.
[2023-08-21 19:43:45.253] [info] Bounds for 'addmagIsch_l': 0.01 to 1.0.
[2023-08-21 19:43:45.253] [info] Bounds for 'addmagMid_l': 0.01 to 1.0.
[2023-08-21 19:43:45.253] [info] Bounds for 'addmagProx_l': 0.01 to 1.0.
[2023-08-21 19:43:45.253] [info] Bounds for 'bflh_l': 0.01 to 1.0.
[2023-08-21 19:43:45.253] [info] Bounds for 'bfsh_l': 0.01 to 1.0.
[2023-08-21 19:43:45.253] [info] Bounds for 'edl_l': 0.01 to 1.0.
[2023-08-21 19:43:45.253] [info] Bounds for 'ehl_l': 0.01 to 1.0.
[2023-08-21 19:43:45.253] [info] Bounds for 'fdl_l': 0.01 to 1.0.
[2023-08-21 19:43:45.253] [info] Bounds for 'fhl_l': 0.01 to 1.0.
[2023-08-21 19:43:45.253] [info] Bounds for 'gaslat_l': 0.01 to 1.0.
[2023-08-21 19:43:45.253] [info] Bounds for 'gasmed_l': 0.01 to 1.0.
[2023-08-21 19:43:45.253] [info] Bounds for 'glmax1_l': 0.01 to 1.0.
[2023-08-21 19:43:45.253] [info] Bounds for 'glmax2_l': 0.01 to 1.0.
[2023-08-21 19:43:45.253] [info] Bounds for 'glmax3_l': 0.01 to 1.0.
[2023-08-21 19:43:45.254] [info] Bounds for 'glmed1_l': 0.01 to 1.0.
[2023-08-21 19:43:45.254] [info] Bounds for 'glmed2_l': 0.01 to 1.0.
[2023-08-21 19:43:45.254] [info] Bounds for 'glmed3_l': 0.01 to 1.0.
[2023-08-21 19:43:45.254] [info] Bounds for 'glmin1_l': 0.01 to 1.0.
[2023-08-21 19:43:45.254] [info] Bounds for 'glmin2_l': 0.01 to 1.0.
[2023-08-21 19:43:45.254] [info] Bounds for 'glmin3_l': 0.01 to 1.0.
[2023-08-21 19:43:45.254] [info] Bounds for 'grac_l': 0.01 to 1.0.
[2023-08-21 19:43:45.254] [info] Bounds for 'iliacus_l': 0.01 to 1.0.
[2023-08-21 19:43:45.254] [info] Bounds for 'perbrev_l': 0.01 to 1.0.
[2023-08-21 19:43:45.254] [info] Bounds for 'perlong_l': 0.01 to 1.0.
[2023-08-21 19:43:45.254] [info] Bounds for 'piri_l': 0.01 to 1.0.
[2023-08-21 19:43:45.254] [info] Bounds for 'psoas_l': 0.01 to 1.0.
[2023-08-21 19:43:45.254] [info] Bounds for 'recfem_l': 0.01 to 1.0.
[2023-08-21 19:43:45.254] [info] Bounds for 'sart_l': 0.01 to 1.0.
[2023-08-21 19:43:45.254] [info] Bounds for 'semimem_l': 0.01 to 1.0.
[2023-08-21 19:43:45.254] [info] Bounds for 'semiten_l': 0.01 to 1.0.
[2023-08-21 19:43:45.254] [info] Bounds for 'soleus_l': 0.01 to 1.0.
[2023-08-21 19:43:45.254] [info] Bounds for 'tfl_l': 0.01 to 1.0.
[2023-08-21 19:43:45.254] [info] Bounds for 'tibant_l': 0.01 to 1.0.
[2023-08-21 19:43:45.254] [info] Bounds for 'tibpost_l': 0.01 to 1.0.
[2023-08-21 19:43:45.254] [info] Bounds for 'vasint_l': 0.01 to 1.0.
[2023-08-21 19:43:45.254] [info] Bounds for 'vaslat_l': 0.01 to 1.0.
[2023-08-21 19:43:45.254] [info] Bounds for 'vasmed_l': 0.01 to 1.0.
[2023-08-21 19:43:45.254] [info] Bounds for 'lumbar_ext': -inf to inf.
[2023-08-21 19:43:45.254] [info] Bounds for 'lumbar_bend': -inf to inf.
[2023-08-21 19:43:45.254] [info] Bounds for 'lumbar_rot': -inf to inf.
[2023-08-21 19:43:45.254] [info] Bounds for 'shoulder_flex_r': -inf to inf.
[2023-08-21 19:43:45.254] [info] Bounds for 'shoulder_add_r': -inf to inf.
[2023-08-21 19:43:45.254] [info] Bounds for 'shoulder_rot_r': -inf to inf.
[2023-08-21 19:43:45.254] [info] Bounds for 'elbow_flex_r': -inf to inf.
[2023-08-21 19:43:45.254] [info] Bounds for 'pro_sup_r': -inf to inf.
[2023-08-21 19:43:45.254] [info] Bounds for 'wrist_flex_r': -inf to inf.
[2023-08-21 19:43:45.254] [info] Bounds for 'wrist_dev_r': -inf to inf.
[2023-08-21 19:43:45.254] [info] Bounds for 'shoulder_flex_l': -inf to inf.
[2023-08-21 19:43:45.254] [info] Bounds for 'shoulder_add_l': -inf to inf.
[2023-08-21 19:43:45.254] [info] Bounds for 'shoulder_rot_l': -inf to inf.
[2023-08-21 19:43:45.254] [info] Bounds for 'elbow_flex_l': -inf to inf.
[2023-08-21 19:43:45.254] [info] Bounds for 'pro_sup_l': -inf to inf.
[2023-08-21 19:43:45.254] [info] Bounds for 'wrist_flex_l': -inf to inf.
[2023-08-21 19:43:45.254] [info] Bounds for 'wrist_dev_l': -inf to inf.
[2023-08-21 19:43:45.254] [info] Bounds for 'FX': -inf to inf.
[2023-08-21 19:43:45.254] [info] Bounds for 'FY': -inf to inf.
[2023-08-21 19:43:45.254] [info] Bounds for 'FZ': -inf to inf.
[2023-08-21 19:43:45.254] [info] Bounds for 'MX': -inf to inf.
[2023-08-21 19:43:45.254] [info] Bounds for 'MY': -inf to inf.
[2023-08-21 19:43:45.254] [info] Bounds for 'MZ': -inf to inf.
[2023-08-21 19:43:45.254] [info] Bounds for 'hip_flexion_r_reserve': -1.0 to 1.0.
[2023-08-21 19:43:45.254] [info] Bounds for 'hip_adduction_r_reserve': -1.0 to 1.0.
[2023-08-21 19:43:45.255] [info] Bounds for 'hip_rotation_r_reserve': -1.0 to 1.0.
[2023-08-21 19:43:45.255] [info] Bounds for 'knee_angle_r_reserve': -1.0 to 1.0.
[2023-08-21 19:43:45.255] [info] Bounds for 'ankle_angle_r_reserve': -1.0 to 1.0.
[2023-08-21 19:43:45.255] [info] Bounds for 'hip_flexion_l_reserve': -1.0 to 1.0.
[2023-08-21 19:43:45.255] [info] Bounds for 'hip_adduction_l_reserve': -1.0 to 1.0.
[2023-08-21 19:43:45.255] [info] Bounds for 'hip_rotation_l_reserve': -1.0 to 1.0.
[2023-08-21 19:43:45.255] [info] Bounds for 'knee_angle_l_reserve': -1.0 to 1.0.
[2023-08-21 19:43:45.255] [info] Bounds for 'ankle_angle_l_reserve': -1.0 to 1.0.
[2023-08-21 19:43:45.255] [info] Bounds for 'lumbar_extension_reserve': -1.0 to 1.0.
[2023-08-21 19:43:45.255] [info] Bounds for 'lumbar_bending_reserve': -1.0 to 1.0.
[2023-08-21 19:43:45.255] [info] Bounds for 'lumbar_rotation_reserve': -1.0 to 1.0.
[2023-08-21 19:43:45.255] [info] Bounds for 'arm_flex_r': -1.0 to 1.0.
[2023-08-21 19:43:45.255] [info] Bounds for 'arm_add_r': -1.0 to 1.0.
[2023-08-21 19:43:45.255] [info] Bounds for 'arm_rot_r': -1.0 to 1.0.
[2023-08-21 19:43:45.255] [info] Bounds for 'arm_flex_l': -1.0 to 1.0.
[2023-08-21 19:43:45.255] [info] Bounds for 'arm_add_l': -1.0 to 1.0.
[2023-08-21 19:43:45.255] [info] Bounds for 'arm_rot_l': -1.0 to 1.0.
[2023-08-21 19:43:45.558] [cout] [info] time = 2.31333 Performance = 0.241778 Constraint violation = 2.32416e-13
[2023-08-21 19:43:45.862] [cout] [info] time = 2.32 Performance = 0.200160 Constraint violation = 1.80998e-13
[2023-08-21 19:43:46.162] [cout] [info] time = 2.32667 Performance = 0.17845 Constraint violation = 3.97374e-13
[2023-08-21 19:43:46.512] [cout] [info] time = 2.33333 Performance = 0.169959 Constraint violation = 2.46232e-13
[2023-08-21 19:43:46.813] [cout] [info] time = 2.34 Performance = 0.168523 Constraint violation = 5.42997e-13
[2023-08-21 19:43:47.141] [cout] [info] time = 2.34667 Performance = 0.168068 Constraint violation = 4.83301e-13
[2023-08-21 19:43:47.436] [cout] [info] time = 2.35333 Performance = 0.165274 Constraint violation = 7.04719e-13
[2023-08-21 19:43:47.787] [cout] [info] time = 2.36 Performance = 0.159563 Constraint violation = 9.1241e-13
[2023-08-21 19:43:48.120] [cout] [info] time = 2.36667 Performance = 0.150206 Constraint violation = 9.79924e-13
[2023-08-21 19:43:48.473] [cout] [info] time = 2.37333 Performance = 0.137301 Constraint violation = 1.59729e-13
[2023-08-21 19:43:48.779] [cout] [info] time = 2.38 Performance = 0.1223 Constraint violation = 6.83982e-13
[2023-08-21 19:43:49.122] [cout] [info] time = 2.38667 Performance = 0.107280 Constraint violation = 4.15169e-13
[2023-08-21 19:43:49.416] [cout] [info] time = 2.39333 Performance = 0.0952646 Constraint violation = 4.4911e-13
[2023-08-21 19:43:49.710] [cout] [info] time = 2.4 Performance = 0.0826498 Constraint violation = 3.40428e-13
[2023-08-21 19:43:50.013] [cout] [info] time = 2.40667 Performance = 0.0737088 Constraint violation = 4.90709e-13
[2023-08-21 19:43:50.316] [cout] [info] time = 2.41333 Performance = 0.0669251 Constraint violation = 4.54393e-13
[2023-08-21 19:43:50.642] [cout] [info] time = 2.42 Performance = 0.0621857 Constraint violation = 4.00748e-13
[2023-08-21 19:43:50.971] [cout] [info] time = 2.42667 Performance = 0.0590237 Constraint violation = 4.27706e-13
[2023-08-21 19:43:51.339] [cout] [info] time = 2.43333 Performance = 0.0568159 Constraint violation = 1.31393e-12
[2023-08-21 19:43:51.665] [cout] [info] time = 2.44 Performance = 0.0550488 Constraint violation = 7.12029e-13
[2023-08-21 19:43:52.009] [cout] [info] time = 2.44667 Performance = 0.0534717 Constraint violation = 1.49819e-12
[2023-08-21 19:43:52.315] [cout] [info] time = 2.45333 Performance = 0.0517907 Constraint violation = 1.02533e-12
[2023-08-21 19:43:52.623] [cout] [info] time = 2.46 Performance = 0.0501868 Constraint violation = 1.18389e-12
[2023-08-21 19:43:52.990] [cout] [info] time = 2.46667 Performance = 0.0487443 Constraint violation = 8.01299e-13
[2023-08-21 19:43:53.308] [cout] [info] time = 2.47333 Performance = 0.0473269 Constraint violation = 8.24056e-13
[2023-08-21 19:43:53.653] [cout] [info] time = 2.48 Performance = 0.0459628 Constraint violation = 9.87727e-13
[2023-08-21 19:43:53.969] [cout] [info] time = 2.48667 Performance = 0.0446353 Constraint violation = 9.42604e-13
[2023-08-21 19:43:54.273] [cout] [info] time = 2.49333 Performance = 0.0435452 Constraint violation = 4.7893e-13
[2023-08-21 19:43:54.589] [cout] [info] time = 2.5 Performance = 0.0425764 Constraint violation = 9.29944e-13
[2023-08-21 19:43:54.932] [cout] [info] time = 2.50667 Performance = 0.041883 Constraint violation = 1.05010e-12
[2023-08-21 19:43:55.242] [cout] [info] time = 2.51333 Performance = 0.0414382 Constraint violation = 9.60051e-13
[2023-08-21 19:43:55.581] [cout] [info] time = 2.52 Performance = 0.0411697 Constraint violation = 1.50691e-13
[2023-08-21 19:43:55.906] [cout] [info] time = 2.52667 Performance = 0.0411875 Constraint violation = 6.44547e-13
[2023-08-21 19:43:56.246] [cout] [info] time = 2.53333 Performance = 0.0414644 Constraint violation = 1.49066e-12
[2023-08-21 19:43:56.591] [cout] [info] time = 2.54 Performance = 0.0420473 Constraint violation = 9.62018e-13
[2023-08-21 19:43:56.935] [cout] [info] time = 2.54667 Performance = 0.0430690 Constraint violation = 1.05989e-12
[2023-08-21 19:43:57.245] [cout] [info] time = 2.55333 Performance = 0.0440242 Constraint violation = 6.04437e-13
[2023-08-21 19:43:57.598] [cout] [info] time = 2.56 Performance = 0.0453947 Constraint violation = 1.86428e-12
[2023-08-21 19:43:57.926] [cout] [info] time = 2.56667 Performance = 0.0469076 Constraint violation = 9.45929e-13
[2023-08-21 19:43:58.243] [cout] [info] time = 2.57333 Performance = 0.0486092 Constraint violation = 1.18502e-12
[2023-08-21 19:43:58.584] [cout] [info] time = 2.58 Performance = 0.0505043 Constraint violation = 1.05011e-12
[2023-08-21 19:43:58.922] [cout] [info] time = 2.58667 Performance = 0.0526507 Constraint violation = 1.49635e-13
[2023-08-21 19:43:59.321] [cout] [info] time = 2.59333 Performance = 0.0551669 Constraint violation = 9.18699e-13
[2023-08-21 19:43:59.700] [cout] [info] time = 2.6 Performance = 0.0579668 Constraint violation = 1.83766e-12
[2023-08-21 19:44:00.100] [cout] [info] time = 2.60667 Performance = 0.0613514 Constraint violation = 1.00920e-12
[2023-08-21 19:44:00.603] [cout] [info] time = 2.61333 Performance = 0.0651244 Constraint violation = 9.3882e-13
[2023-08-21 19:44:01.138] [cout] [info] time = 2.62 Performance = 0.0695271 Constraint violation = 9.32819e-13
[2023-08-21 19:44:01.521] [cout] [info] time = 2.62667 Performance = 0.0744521 Constraint violation = 3.64478e-12
[2023-08-21 19:44:01.924] [cout] [info] time = 2.63333 Performance = 0.0799293 Constraint violation = 2.04517e-12
[2023-08-21 19:44:02.268] [cout] [info] time = 2.64 Performance = 0.0859066 Constraint violation = 4.37505e-13
[2023-08-21 19:44:02.594] [cout] [info] time = 2.64667 Performance = 0.0920449 Constraint violation = 2.08079e-13
[2023-08-21 19:44:02.915] [cout] [info] time = 2.65333 Performance = 0.098256 Constraint violation = 2.01993e-12
[2023-08-21 19:44:03.232] [cout] [info] time = 2.66 Performance = 0.104214 Constraint violation = 1.8687e-12
[2023-08-21 19:44:03.585] [cout] [info] time = 2.66667 Performance = 0.109808 Constraint violation = 2.23144e-13
[2023-08-21 19:44:03.946] [cout] [info] time = 2.67333 Performance = 0.114946 Constraint violation = 2.3673e-12
[2023-08-21 19:44:04.308] [cout] [info] time = 2.68 Performance = 0.119347 Constraint violation = 1.87671e-12
[2023-08-21 19:44:04.669] [cout] [info] time = 2.68667 Performance = 0.122996 Constraint violation = 1.83701e-12
[2023-08-21 19:44:05.010] [cout] [info] time = 2.69333 Performance = 0.125709 Constraint violation = 3.65883e-12
[2023-08-21 19:44:05.363] [cout] [info] time = 2.7 Performance = 0.127553 Constraint violation = 2.74699e-13
[2023-08-21 19:44:05.712] [cout] [info] time = 2.70667 Performance = 0.1282 Constraint violation = 4.73308e-13
[2023-08-21 19:44:06.105] [cout] [info] time = 2.71333 Performance = 0.127516 Constraint violation = 5.28976e-13
[2023-08-21 19:44:06.475] [cout] [info] time = 2.72 Performance = 0.125474 Constraint violation = 3.67641e-12
[2023-08-21 19:44:06.912] [cout] [info] time = 2.72667 Performance = 0.122226 Constraint violation = 1.90877e-12
[2023-08-21 19:44:07.298] [cout] [info] time = 2.73333 Performance = 0.117807 Constraint violation = 6.06451e-13
[2023-08-21 19:44:07.637] [cout] [info] time = 2.74 Performance = 0.112629 Constraint violation = 1.95554e-12
[2023-08-21 19:44:07.958] [cout] [info] time = 2.74667 Performance = 0.106895 Constraint violation = 5.90339e-13
[2023-08-21 19:44:08.283] [cout] [info] time = 2.75333 Performance = 0.101194 Constraint violation = 4.28602e-13
[2023-08-21 19:44:08.607] [cout] [info] time = 2.76 Performance = 0.0962968 Constraint violation = 3.65215e-12
[2023-08-21 19:44:08.930] [cout] [info] time = 2.76667 Performance = 0.0926839 Constraint violation = 3.70208e-12
[2023-08-21 19:44:09.250] [cout] [info] time = 2.77333 Performance = 0.0911157 Constraint violation = 1.89139e-12
[2023-08-21 19:44:09.565] [cout] [info] time = 2.78 Performance = 0.0875897 Constraint violation = 1.9229e-12
[2023-08-21 19:44:09.911] [cout] [info] time = 2.78667 Performance = 0.0857795 Constraint violation = 1.97411e-12
[2023-08-21 19:44:10.264] [cout] [info] time = 2.79333 Performance = 0.0875911 Constraint violation = 2.23687e-13
[2023-08-21 19:44:10.576] [cout] [info] time = 2.8 Performance = 0.0874629 Constraint violation = 7.59198e-13
[2023-08-21 19:44:10.892] [cout] [info] time = 2.80667 Performance = 0.0808872 Constraint violation = 3.58938e-13
[2023-08-21 19:44:11.197] [cout] [info] time = 2.81333 Performance = 0.0725779 Constraint violation = 2.80812e-13
[2023-08-21 19:44:11.508] [cout] [info] time = 2.82 Performance = 0.068849 Constraint violation = 2.74943e-12
[2023-08-21 19:44:11.819] [cout] [info] time = 2.82667 Performance = 0.0693968 Constraint violation = 9.49316e-13
[2023-08-21 19:44:12.115] [cout] [info] time = 2.83333 Performance = 0.0698829 Constraint violation = 1.47854e-12
[2023-08-21 19:44:12.416] [cout] [info] time = 2.84 Performance = 0.0690533 Constraint violation = 5.50487e-13
[2023-08-21 19:44:12.706] [cout] [info] time = 2.84667 Performance = 0.0676894 Constraint violation = 7.69524e-13
[2023-08-21 19:44:13.063] [cout] [info] time = 2.85333 Performance = 0.0660187 Constraint violation = 2.96895e-13
[2023-08-21 19:44:13.361] [cout] [info] time = 2.86 Performance = 0.0641905 Constraint violation = 4.87756e-13
[2023-08-21 19:44:13.659] [cout] [info] time = 2.86667 Performance = 0.0621008 Constraint violation = 5.66244e-13
[2023-08-21 19:44:14.000] [cout] [info] time = 2.87333 Performance = 0.0597194 Constraint violation = 1.04797e-12
[2023-08-21 19:44:14.286] [cout] [info] time = 2.88 Performance = 0.0556939 Constraint violation = 7.88047e-13
[2023-08-21 19:44:14.595] [cout] [info] time = 2.88667 Performance = 0.052186 Constraint violation = 6.22090e-13
[2023-08-21 19:44:14.904] [cout] [info] time = 2.89333 Performance = 0.0496349 Constraint violation = 1.61719e-12
[2023-08-21 19:44:15.203] [cout] [info] time = 2.9 Performance = 0.0482408 Constraint violation = 6.11851e-13
[2023-08-21 19:44:15.486] [cout] [info] time = 2.90667 Performance = 0.0479327 Constraint violation = 1.52893e-12
[2023-08-21 19:44:15.791] [cout] [info] time = 2.91333 Performance = 0.0480795 Constraint violation = 1.39579e-12
[2023-08-21 19:44:16.126] [cout] [info] time = 2.92 Performance = 0.0481686 Constraint violation = 7.91655e-13
[2023-08-21 19:44:16.425] [cout] [info] time = 2.92667 Performance = 0.0479216 Constraint violation = 9.68419e-13
[2023-08-21 19:44:16.715] [cout] [info] time = 2.93333 Performance = 0.0475051 Constraint violation = 2.04537e-12
[2023-08-21 19:44:17.017] [cout] [info] time = 2.94 Performance = 0.0472732 Constraint violation = 1.85395e-12
[2023-08-21 19:44:17.307] [cout] [info] time = 2.94667 Performance = 0.0474645 Constraint violation = 1.83297e-12
[2023-08-21 19:44:17.603] [cout] [info] time = 2.95333 Performance = 0.0480374 Constraint violation = 1.88571e-12
[2023-08-21 19:44:17.897] [cout] [info] time = 2.96 Performance = 0.0489211 Constraint violation = 9.18104e-13
[2023-08-21 19:44:18.208] [cout] [info] time = 2.96667 Performance = 0.0498852 Constraint violation = 9.27307e-13
[2023-08-21 19:44:18.513] [cout] [info] time = 2.97333 Performance = 0.0509644 Constraint violation = 2.84415e-12
[2023-08-21 19:44:18.825] [cout] [info] time = 2.98 Performance = 0.0522464 Constraint violation = 1.96555e-12
[2023-08-21 19:44:19.140] [cout] [info] time = 2.98667 Performance = 0.0534002 Constraint violation = 1.83068e-12
[2023-08-21 19:44:19.442] [cout] [info] time = 2.99333 Performance = 0.0543807 Constraint violation = 2.73432e-12
[2023-08-21 19:44:19.847] [cout] [info] time = 3.0 Performance = 0.0553913 Constraint violation = 1.11807e-12
[2023-08-21 19:44:20.160] [cout] [info] time = 3.00667 Performance = 0.0560795 Constraint violation = 9.19662e-13
[2023-08-21 19:44:20.531] [cout] [info] time = 3.01333 Performance = 0.0567168 Constraint violation = 9.44924e-13
[2023-08-21 19:44:20.914] [cout] [info] time = 3.02 Performance = 0.0572524 Constraint violation = 1.03663e-12
[2023-08-21 19:44:21.228] [cout] [info] time = 3.02667 Performance = 0.0577352 Constraint violation = 2.76912e-12
[2023-08-21 19:44:21.593] [cout] [info] time = 3.03333 Performance = 0.058171 Constraint violation = 1.0216e-12
[2023-08-21 19:44:21.936] [cout] [info] time = 3.04 Performance = 0.0584547 Constraint violation = 1.78366e-13
[2023-08-21 19:44:22.244] [cout] [info] time = 3.04667 Performance = 0.0588952 Constraint violation = 1.90756e-12
[2023-08-21 19:44:22.554] [cout] [info] time = 3.05333 Performance = 0.0593241 Constraint violation = 5.47966e-12
[2023-08-21 19:44:22.858] [cout] [info] time = 3.06 Performance = 0.0598905 Constraint violation = 1.13261e-12
[2023-08-21 19:44:23.162] [cout] [info] time = 3.06667 Performance = 0.0610478 Constraint violation = 5.45924e-12
[2023-08-21 19:44:23.455] [cout] [info] time = 3.07333 Performance = 0.0622009 Constraint violation = 3.6423e-12
[2023-08-21 19:44:23.749] [cout] [info] time = 3.08 Performance = 0.0641289 Constraint violation = 1.83872e-12
[2023-08-21 19:44:24.049] [cout] [info] time = 3.08667 Performance = 0.0666268 Constraint violation = 3.64416e-12
[2023-08-21 19:44:24.352] [cout] [info] time = 3.09333 Performance = 0.0695297 Constraint violation = 1.83791e-12
[2023-08-21 19:44:24.663] [cout] [info] time = 3.1 Performance = 0.0730381 Constraint violation = 5.59018e-13
[2023-08-21 19:44:24.979] [cout] [info] time = 3.10667 Performance = 0.0771515 Constraint violation = 1.83616e-12
[2023-08-21 19:44:25.279] [cout] [info] time = 3.11333 Performance = 0.0814383 Constraint violation = 1.84468e-12
[2023-08-21 19:44:25.570] [cout] [info] time = 3.12 Performance = 0.0861413 Constraint violation = 7.27928e-12
[2023-08-21 19:44:25.872] [cout] [info] time = 3.12667 Performance = 0.0906769 Constraint violation = 1.84782e-12
[2023-08-21 19:44:26.188] [cout] [info] time = 3.13333 Performance = 0.0949977 Constraint violation = 1.84301e-12
[2023-08-21 19:44:26.493] [cout] [info] time = 3.14 Performance = 0.0988134 Constraint violation = 1.86106e-12
[2023-08-21 19:44:26.804] [cout] [info] time = 3.14667 Performance = 0.101500 Constraint violation = 3.6514e-12
[2023-08-21 19:44:27.107] [cout] [info] time = 3.15333 Performance = 0.103119 Constraint violation = 1.83619e-12
[2023-08-21 19:44:27.411] [cout] [info] time = 3.16 Performance = 0.103404 Constraint violation = 2.8253e-13
[2023-08-21 19:44:27.720] [cout] [info] time = 3.16667 Performance = 0.102272 Constraint violation = 3.64865e-12
[2023-08-21 19:44:28.083] [cout] [info] time = 3.17333 Performance = 0.0998513 Constraint violation = 1.86433e-12
[2023-08-21 19:44:28.388] [cout] [info] time = 3.18 Performance = 0.0962967 Constraint violation = 3.64834e-12
[2023-08-21 19:44:28.712] [cout] [info] time = 3.18667 Performance = 0.0921317 Constraint violation = 5.25081e-13
[2023-08-21 19:44:29.021] [cout] [info] time = 3.19333 Performance = 0.087834 Constraint violation = 1.82917e-12
[2023-08-21 19:44:29.326] [cout] [info] time = 3.2 Performance = 0.0838606 Constraint violation = 7.43871e-13
[2023-08-21 19:44:29.641] [cout] [info] time = 3.20667 Performance = 0.0809556 Constraint violation = 3.68556e-12
[2023-08-21 19:44:29.974] [cout] [info] time = 3.21333 Performance = 0.0794091 Constraint violation = 7.28125e-12
[2023-08-21 19:44:29.977] [info] Printing results of investigation  to C:\Git\research_data\ESMAC_2023\simulations\P03\pre\Dynamic03_l
[2023-08-21 19:45:23.639] [info] Storage: read data file = C:\Git\research_data\ESMAC_2023\simulations\P03\pre\Dynamic03_l\ik.mot (nr=137 nc=40)
[2023-08-21 19:45:23.718] [info] Loaded model P03 from file C:\Git\research_data\ESMAC_2023\simulations\P03\pre\Rajagopal2015_os4_UniVie_scaled.osim
[2023-08-21 19:45:23.934] [info] AbstractTool  loading model C:\Git\research_data\ESMAC_2023\simulations\P03\pre\Rajagopal2015_os4_UniVie_scaled.osim
[2023-08-21 19:45:24.003] [info] Loaded model P03 from file C:\Git\research_data\ESMAC_2023\simulations\P03\pre\Rajagopal2015_os4_UniVie_scaled.osim
[2023-08-21 19:45:24.355] [info] Storage: read data file = grf.mot (nr=7650 nc=28)
[2023-08-21 19:45:24.480] [info] ExternalForce::grf_r_2 Data source being set to grf
[2023-08-21 19:45:24.480] [info] ExternalForce::grf_l_1 Data source being set to grf
[2023-08-21 19:45:24.480] [info] ExternalForce::grf_l_3 Data source being set to grf
[2023-08-21 19:45:24.498] [info] Loading coordinates from file 'C:\Git\research_data\ESMAC_2023\simulations\P03\pre\Dynamic03_l\ik.mot'.
[2023-08-21 19:45:24.499] [info] Storage: read data file = C:\Git\research_data\ESMAC_2023\simulations\P03\pre\Dynamic03_l\ik.mot (nr=137 nc=40)
[2023-08-21 19:45:24.503] [info] Low-pass filtering coordinates data with a cutoff frequency of 6.0...
[2023-08-21 19:45:25.015] [info] AssemblySolver::track() attempt Failed: SimTK Exception thrown at Assembler.cpp:973:
  Method Assembler::track() failed because:
Unable to achieve required assembly error tolerance.
Assembly error tolerance achieved: 6.835308869442066e-09 required: 1e-10.
[2023-08-21 19:45:25.031] [error] Model unable to assemble: AssemblySolver::assemble() Failed: SimTK Exception thrown at Assembler.cpp:897:
  Method Assembler::assemble() failed because:
Unable to achieve required assembly error tolerance.
Assembly error tolerance achieved: 6.8353088819368004e-09 required: 1e-10..Model relaxing constraints and trying again.
[2023-08-21 19:45:25.371] [info] Found 273 state vectors with time stamps ranging from 1.85333 to 3.66666.
[2023-08-21 19:45:25.371] [info] Executing the analyses from 2.30667 to 3.21333...
[2023-08-21 19:45:25.374] [info] Loading actuator forces from file C:\Git\research_data\ESMAC_2023\simulations\P03\pre\Dynamic03_l\_StaticOptimization_force.sto.
[2023-08-21 19:45:25.374] [info] Storage: read data file = C:\Git\research_data\ESMAC_2023\simulations\P03\pre\Dynamic03_l\_StaticOptimization_force.sto (nr=137 nc=150)
[2023-08-21 19:45:25.390] [info] Found 149 actuator forces with time stamps ranging from 2.30667to 3.21333.
[2023-08-21 19:45:25.390] [warning] The forces file contains actuators that are not in the model's actuator set.
[2023-08-21 19:45:25.392] [warning] Ignoring fiber lengths and activations from the states since forces_file is also set. Actuator forces will be constructed from C:\Git\research_data\ESMAC_2023\simulations\P03\pre\Dynamic03_l\_StaticOptimization_force.sto.
[2023-08-21 19:45:27.263] [info] Printing results of investigation  to C:\Git\research_data\ESMAC_2023\simulations\P03\pre\Dynamic03_l
[2023-08-22 08:54:56.492] [info] Loaded model P03 from file C:\Git\research_data\ESMAC_2023\simulations\P03\pre\Rajagopal2015_os4_UniVie_scaled.osim
[2023-08-22 08:54:57.178] [cout] [info] 
               MODEL: P03
         coordinates: 39
              forces: 97
           actuators: 97
             muscles: 80
            analyses: 0
              probes: 0
              bodies: 22
              joints: 22
         constraints: 2
             markers: 38
         controllers: 0
  contact geometries: 0
misc modelcomponents: 0
[2023-08-22 08:54:57.178] [info] Running tool .
[2023-08-22 08:54:57.869] [info] Frame 346 (t = 2.30667):	 total squared error = 0.0126616, marker error: RMS = 0.0192977, max = 0.0640676 (RBAK)
[2023-08-22 08:54:57.899] [info] Frame 347 (t = 2.31333):	 total squared error = 0.0125518, marker error: RMS = 0.0192138, max = 0.0640055 (RBAK)
[2023-08-22 08:54:57.935] [info] Frame 348 (t = 2.32):	 total squared error = 0.0124323, marker error: RMS = 0.0191221, max = 0.0642094 (RBAK)
[2023-08-22 08:54:57.965] [info] Frame 349 (t = 2.32667):	 total squared error = 0.0123019, marker error: RMS = 0.0190216, max = 0.0642186 (RBAK)
[2023-08-22 08:54:58.003] [info] Frame 350 (t = 2.33333):	 total squared error = 0.0121644, marker error: RMS = 0.0189149, max = 0.0643069 (RBAK)
[2023-08-22 08:54:58.061] [info] Frame 351 (t = 2.34):	 total squared error = 0.0120269, marker error: RMS = 0.0188078, max = 0.0644292 (RBAK)
[2023-08-22 08:54:58.111] [info] Frame 352 (t = 2.34667):	 total squared error = 0.0118933, marker error: RMS = 0.0187030, max = 0.0645998 (RBAK)
[2023-08-22 08:54:58.155] [info] Frame 353 (t = 2.35333):	 total squared error = 0.0117685, marker error: RMS = 0.0186046, max = 0.0647082 (RBAK)
[2023-08-22 08:54:58.202] [info] Frame 354 (t = 2.36):	 total squared error = 0.0116574, marker error: RMS = 0.0185166, max = 0.0649076 (RBAK)
[2023-08-22 08:54:58.248] [info] Frame 355 (t = 2.36667):	 total squared error = 0.0115646, marker error: RMS = 0.0184427, max = 0.0650664 (RBAK)
[2023-08-22 08:54:58.291] [info] Frame 356 (t = 2.37333):	 total squared error = 0.011493, marker error: RMS = 0.0183855, max = 0.0652428 (RBAK)
[2023-08-22 08:54:58.329] [info] Frame 357 (t = 2.38):	 total squared error = 0.0114442, marker error: RMS = 0.0183465, max = 0.0654331 (RBAK)
[2023-08-22 08:54:58.365] [info] Frame 358 (t = 2.38667):	 total squared error = 0.0114183, marker error: RMS = 0.0183258, max = 0.0655635 (RBAK)
[2023-08-22 08:54:58.400] [info] Frame 359 (t = 2.39333):	 total squared error = 0.0114141, marker error: RMS = 0.0183224, max = 0.0657836 (RBAK)
[2023-08-22 08:54:58.425] [info] Frame 360 (t = 2.4):	 total squared error = 0.0114451, marker error: RMS = 0.0183472, max = 0.0655082 (RBAK)
[2023-08-22 08:54:58.462] [info] Frame 361 (t = 2.40667):	 total squared error = 0.0114603, marker error: RMS = 0.0183594, max = 0.0661875 (RBAK)
[2023-08-22 08:54:58.503] [info] Frame 362 (t = 2.41333):	 total squared error = 0.0115039, marker error: RMS = 0.0183943, max = 0.0664042 (RBAK)
[2023-08-22 08:54:58.544] [info] Frame 363 (t = 2.42):	 total squared error = 0.0115559, marker error: RMS = 0.0184358, max = 0.0665203 (RBAK)
[2023-08-22 08:54:58.596] [info] Frame 364 (t = 2.42667):	 total squared error = 0.0116127, marker error: RMS = 0.0184811, max = 0.0666915 (RBAK)
[2023-08-22 08:54:58.641] [info] Frame 365 (t = 2.43333):	 total squared error = 0.0116684, marker error: RMS = 0.0185254, max = 0.0667213 (RBAK)
[2023-08-22 08:54:58.695] [info] Frame 366 (t = 2.44):	 total squared error = 0.0117184, marker error: RMS = 0.018565, max = 0.0668507 (RBAK)
[2023-08-22 08:54:58.736] [info] Frame 367 (t = 2.44667):	 total squared error = 0.0117563, marker error: RMS = 0.018595, max = 0.0668257 (RBAK)
[2023-08-22 08:54:58.783] [info] Frame 368 (t = 2.45333):	 total squared error = 0.0117776, marker error: RMS = 0.0186118, max = 0.0668732 (RBAK)
[2023-08-22 08:54:58.828] [info] Frame 369 (t = 2.46):	 total squared error = 0.0117771, marker error: RMS = 0.0186114, max = 0.0668293 (RBAK)
[2023-08-22 08:54:58.878] [info] Frame 370 (t = 2.46667):	 total squared error = 0.0117533, marker error: RMS = 0.0185927, max = 0.0667487 (RBAK)
[2023-08-22 08:54:58.919] [info] Frame 371 (t = 2.47333):	 total squared error = 0.0117074, marker error: RMS = 0.0185563, max = 0.0666559 (RBAK)
[2023-08-22 08:54:58.959] [info] Frame 372 (t = 2.48):	 total squared error = 0.0116439, marker error: RMS = 0.0185059, max = 0.0665229 (RBAK)
[2023-08-22 08:54:58.987] [info] Frame 373 (t = 2.48667):	 total squared error = 0.0115752, marker error: RMS = 0.0184512, max = 0.0664393 (RBAK)
[2023-08-22 08:54:59.027] [info] Frame 374 (t = 2.49333):	 total squared error = 0.0114947, marker error: RMS = 0.0183869, max = 0.0662277 (RBAK)
[2023-08-22 08:54:59.067] [info] Frame 375 (t = 2.5):	 total squared error = 0.0114245, marker error: RMS = 0.0183307, max = 0.0661254 (RBAK)
[2023-08-22 08:54:59.098] [info] Frame 376 (t = 2.50667):	 total squared error = 0.0113697, marker error: RMS = 0.0182867, max = 0.0660589 (RBAK)
[2023-08-22 08:54:59.126] [info] Frame 377 (t = 2.51333):	 total squared error = 0.0113258, marker error: RMS = 0.0182513, max = 0.065833 (RBAK)
[2023-08-22 08:54:59.152] [info] Frame 378 (t = 2.52):	 total squared error = 0.0113017, marker error: RMS = 0.0182319, max = 0.065868 (RBAK)
[2023-08-22 08:54:59.187] [info] Frame 379 (t = 2.52667):	 total squared error = 0.0112858, marker error: RMS = 0.0182191, max = 0.0657158 (RBAK)
[2023-08-22 08:54:59.214] [info] Frame 380 (t = 2.53333):	 total squared error = 0.011282, marker error: RMS = 0.018216, max = 0.065782 (RBAK)
[2023-08-22 08:54:59.264] [info] Frame 381 (t = 2.54):	 total squared error = 0.0112709, marker error: RMS = 0.0182071, max = 0.065469 (RBAK)
[2023-08-22 08:54:59.300] [info] Frame 382 (t = 2.54667):	 total squared error = 0.0112648, marker error: RMS = 0.0182022, max = 0.0656005 (RBAK)
[2023-08-22 08:54:59.342] [info] Frame 383 (t = 2.55333):	 total squared error = 0.0112507, marker error: RMS = 0.0181908, max = 0.0655382 (RBAK)
[2023-08-22 08:54:59.368] [info] Frame 384 (t = 2.56):	 total squared error = 0.0112389, marker error: RMS = 0.0181812, max = 0.0657427 (RBAK)
[2023-08-22 08:54:59.415] [info] Frame 385 (t = 2.56667):	 total squared error = 0.0112036, marker error: RMS = 0.0181526, max = 0.0657118 (RBAK)
[2023-08-22 08:54:59.453] [info] Frame 386 (t = 2.57333):	 total squared error = 0.0111736, marker error: RMS = 0.0181283, max = 0.0658962 (RBAK)
[2023-08-22 08:54:59.496] [info] Frame 387 (t = 2.58):	 total squared error = 0.0111429, marker error: RMS = 0.0181034, max = 0.0661139 (RBAK)
[2023-08-22 08:54:59.538] [info] Frame 388 (t = 2.58667):	 total squared error = 0.0111187, marker error: RMS = 0.0180837, max = 0.0662834 (RBAK)
[2023-08-22 08:54:59.564] [info] Frame 389 (t = 2.59333):	 total squared error = 0.0111151, marker error: RMS = 0.0180808, max = 0.0667978 (RBAK)
[2023-08-22 08:54:59.610] [info] Frame 390 (t = 2.6):	 total squared error = 0.0111072, marker error: RMS = 0.0180744, max = 0.0667328 (RBAK)
[2023-08-22 08:54:59.649] [info] Frame 391 (t = 2.60667):	 total squared error = 0.0111369, marker error: RMS = 0.0180985, max = 0.0671099 (RBAK)
[2023-08-22 08:54:59.686] [info] Frame 392 (t = 2.61333):	 total squared error = 0.0111948, marker error: RMS = 0.0181455, max = 0.0674952 (RBAK)
[2023-08-22 08:54:59.725] [info] Frame 393 (t = 2.62):	 total squared error = 0.0112836, marker error: RMS = 0.0182173, max = 0.0677687 (RBAK)
[2023-08-22 08:54:59.767] [info] Frame 394 (t = 2.62667):	 total squared error = 0.0114088, marker error: RMS = 0.0183181, max = 0.0681485 (RBAK)
[2023-08-22 08:54:59.805] [info] Frame 395 (t = 2.63333):	 total squared error = 0.0115682, marker error: RMS = 0.0184456, max = 0.0685592 (RBAK)
[2023-08-22 08:54:59.845] [info] Frame 396 (t = 2.64):	 total squared error = 0.0117568, marker error: RMS = 0.0185954, max = 0.0689034 (RBAK)
[2023-08-22 08:54:59.905] [info] Frame 397 (t = 2.64667):	 total squared error = 0.0119664, marker error: RMS = 0.0187604, max = 0.0691957 (RBAK)
[2023-08-22 08:54:59.951] [info] Frame 398 (t = 2.65333):	 total squared error = 0.0121934, marker error: RMS = 0.0189375, max = 0.0696403 (RBAK)
[2023-08-22 08:54:59.996] [info] Frame 399 (t = 2.66):	 total squared error = 0.0124193, marker error: RMS = 0.0191121, max = 0.0699984 (RBAK)
[2023-08-22 08:55:00.028] [info] Frame 400 (t = 2.66667):	 total squared error = 0.0126433, marker error: RMS = 0.0192837, max = 0.0706757 (RBAK)
[2023-08-22 08:55:00.069] [info] Frame 401 (t = 2.67333):	 total squared error = 0.0128298, marker error: RMS = 0.0194254, max = 0.0708413 (RBAK)
[2023-08-22 08:55:00.115] [info] Frame 402 (t = 2.68):	 total squared error = 0.0129914, marker error: RMS = 0.0195474, max = 0.07119 (RBAK)
[2023-08-22 08:55:00.143] [info] Frame 403 (t = 2.68667):	 total squared error = 0.0131255, marker error: RMS = 0.019648, max = 0.0717501 (RBAK)
[2023-08-22 08:55:00.200] [info] Frame 404 (t = 2.69333):	 total squared error = 0.013214, marker error: RMS = 0.0197141, max = 0.0719983 (RBAK)
[2023-08-22 08:55:00.240] [info] Frame 405 (t = 2.7):	 total squared error = 0.0132783, marker error: RMS = 0.0197621, max = 0.072444 (RBAK)
[2023-08-22 08:55:00.277] [info] Frame 406 (t = 2.70667):	 total squared error = 0.0133139, marker error: RMS = 0.0197885, max = 0.0727353 (RBAK)
[2023-08-22 08:55:00.306] [info] Frame 407 (t = 2.71333):	 total squared error = 0.0133331, marker error: RMS = 0.0198028, max = 0.073166 (RBAK)
[2023-08-22 08:55:00.349] [info] Frame 408 (t = 2.72):	 total squared error = 0.0133242, marker error: RMS = 0.0197961, max = 0.0732717 (RBAK)
[2023-08-22 08:55:00.386] [info] Frame 409 (t = 2.72667):	 total squared error = 0.0133028, marker error: RMS = 0.0197802, max = 0.0734605 (RBAK)
[2023-08-22 08:55:00.416] [info] Frame 410 (t = 2.73333):	 total squared error = 0.0132624, marker error: RMS = 0.0197502, max = 0.0735833 (RBAK)
[2023-08-22 08:55:00.445] [info] Frame 411 (t = 2.74):	 total squared error = 0.0132016, marker error: RMS = 0.0197049, max = 0.0736605 (RBAK)
[2023-08-22 08:55:00.476] [info] Frame 412 (t = 2.74667):	 total squared error = 0.0131197, marker error: RMS = 0.0196436, max = 0.0736278 (RBAK)
[2023-08-22 08:55:00.514] [info] Frame 413 (t = 2.75333):	 total squared error = 0.0130112, marker error: RMS = 0.0195623, max = 0.0735635 (RBAK)
[2023-08-22 08:55:00.551] [info] Frame 414 (t = 2.76):	 total squared error = 0.0128766, marker error: RMS = 0.0194608, max = 0.0734456 (RBAK)
[2023-08-22 08:55:00.594] [info] Frame 415 (t = 2.76667):	 total squared error = 0.0127185, marker error: RMS = 0.019341, max = 0.0732224 (RBAK)
[2023-08-22 08:55:00.631] [info] Frame 416 (t = 2.77333):	 total squared error = 0.0125389, marker error: RMS = 0.0192039, max = 0.0729351 (RBAK)
[2023-08-22 08:55:00.667] [info] Frame 417 (t = 2.78):	 total squared error = 0.0123426, marker error: RMS = 0.0190530, max = 0.0725805 (RBAK)
[2023-08-22 08:55:00.713] [info] Frame 418 (t = 2.78667):	 total squared error = 0.0121314, marker error: RMS = 0.0188893, max = 0.0721542 (RBAK)
[2023-08-22 08:55:00.775] [info] Frame 419 (t = 2.79333):	 total squared error = 0.0119133, marker error: RMS = 0.0187187, max = 0.0716482 (RBAK)
[2023-08-22 08:55:00.806] [info] Frame 420 (t = 2.8):	 total squared error = 0.0117007, marker error: RMS = 0.0185509, max = 0.0710335 (RBAK)
[2023-08-22 08:55:00.855] [info] Frame 421 (t = 2.80667):	 total squared error = 0.0114832, marker error: RMS = 0.0183777, max = 0.0705047 (RBAK)
[2023-08-22 08:55:00.890] [info] Frame 422 (t = 2.81333):	 total squared error = 0.0112868, marker error: RMS = 0.0182199, max = 0.0699622 (RBAK)
[2023-08-22 08:55:00.930] [info] Frame 423 (t = 2.82):	 total squared error = 0.0111002, marker error: RMS = 0.0180686, max = 0.0692431 (RBAK)
[2023-08-22 08:55:00.973] [info] Frame 424 (t = 2.82667):	 total squared error = 0.0109332, marker error: RMS = 0.0179322, max = 0.0686138 (RBAK)
[2023-08-22 08:55:01.018] [info] Frame 425 (t = 2.83333):	 total squared error = 0.0107836, marker error: RMS = 0.0178091, max = 0.0681136 (RBAK)
[2023-08-22 08:55:01.063] [info] Frame 426 (t = 2.84):	 total squared error = 0.0106498, marker error: RMS = 0.0176983, max = 0.0676313 (RBAK)
[2023-08-22 08:55:01.109] [info] Frame 427 (t = 2.84667):	 total squared error = 0.0105254, marker error: RMS = 0.0175946, max = 0.0671327 (RBAK)
[2023-08-22 08:55:01.155] [info] Frame 428 (t = 2.85333):	 total squared error = 0.0104072, marker error: RMS = 0.0174956, max = 0.0667523 (RBAK)
[2023-08-22 08:55:01.205] [info] Frame 429 (t = 2.86):	 total squared error = 0.0102926, marker error: RMS = 0.017399, max = 0.0664107 (RBAK)
[2023-08-22 08:55:01.249] [info] Frame 430 (t = 2.86667):	 total squared error = 0.0101808, marker error: RMS = 0.0173042, max = 0.0660870 (RBAK)
[2023-08-22 08:55:01.288] [info] Frame 431 (t = 2.87333):	 total squared error = 0.0100740, marker error: RMS = 0.0172132, max = 0.0659199 (RBAK)
[2023-08-22 08:55:01.327] [info] Frame 432 (t = 2.88):	 total squared error = 0.00997209, marker error: RMS = 0.0171259, max = 0.0654815 (RBAK)
[2023-08-22 08:55:01.378] [info] Frame 433 (t = 2.88667):	 total squared error = 0.00988066, marker error: RMS = 0.0170472, max = 0.0652629 (RBAK)
[2023-08-22 08:55:01.426] [info] Frame 434 (t = 2.89333):	 total squared error = 0.00980187, marker error: RMS = 0.0169791, max = 0.0651503 (RBAK)
[2023-08-22 08:55:01.471] [info] Frame 435 (t = 2.9):	 total squared error = 0.00973737, marker error: RMS = 0.0169232, max = 0.0648921 (RBAK)
[2023-08-22 08:55:01.501] [info] Frame 436 (t = 2.90667):	 total squared error = 0.00969381, marker error: RMS = 0.0168853, max = 0.0648312 (RBAK)
[2023-08-22 08:55:01.543] [info] Frame 437 (t = 2.91333):	 total squared error = 0.00965483, marker error: RMS = 0.0168513, max = 0.0646198 (RBAK)
[2023-08-22 08:55:01.585] [info] Frame 438 (t = 2.92):	 total squared error = 0.00963578, marker error: RMS = 0.0168346, max = 0.0646197 (RBAK)
[2023-08-22 08:55:01.626] [info] Frame 439 (t = 2.92667):	 total squared error = 0.00962978, marker error: RMS = 0.0168294, max = 0.0645275 (RBAK)
[2023-08-22 08:55:01.664] [info] Frame 440 (t = 2.93333):	 total squared error = 0.00963602, marker error: RMS = 0.0168349, max = 0.0645216 (RBAK)
[2023-08-22 08:55:01.693] [info] Frame 441 (t = 2.94):	 total squared error = 0.00966257, marker error: RMS = 0.016858, max = 0.0646404 (RBAK)
[2023-08-22 08:55:01.735] [info] Frame 442 (t = 2.94667):	 total squared error = 0.00968045, marker error: RMS = 0.0168736, max = 0.0645064 (RBAK)
[2023-08-22 08:55:01.779] [info] Frame 443 (t = 2.95333):	 total squared error = 0.00971608, marker error: RMS = 0.0169046, max = 0.0645502 (RBAK)
[2023-08-22 08:55:01.805] [info] Frame 444 (t = 2.96):	 total squared error = 0.00976715, marker error: RMS = 0.016949, max = 0.0644993 (RBAK)
[2023-08-22 08:55:01.852] [info] Frame 445 (t = 2.96667):	 total squared error = 0.00980301, marker error: RMS = 0.0169801, max = 0.064555 (RBAK)
[2023-08-22 08:55:01.894] [info] Frame 446 (t = 2.97333):	 total squared error = 0.00984881, marker error: RMS = 0.0170197, max = 0.064552 (RBAK)
[2023-08-22 08:55:01.926] [info] Frame 447 (t = 2.98):	 total squared error = 0.00989530, marker error: RMS = 0.0170598, max = 0.064566 (RBAK)
[2023-08-22 08:55:01.964] [info] Frame 448 (t = 2.98667):	 total squared error = 0.00993095, marker error: RMS = 0.0170905, max = 0.0644755 (RBAK)
[2023-08-22 08:55:01.991] [info] Frame 449 (t = 2.99333):	 total squared error = 0.00996833, marker error: RMS = 0.0171227, max = 0.0643816 (RBAK)
[2023-08-22 08:55:02.027] [info] Frame 450 (t = 3.0):	 total squared error = 0.00999476, marker error: RMS = 0.0171454, max = 0.0644646 (RBAK)
[2023-08-22 08:55:02.071] [info] Frame 451 (t = 3.00667):	 total squared error = 0.0100116, marker error: RMS = 0.0171598, max = 0.0640671 (RBAK)
[2023-08-22 08:55:02.096] [info] Frame 452 (t = 3.01333):	 total squared error = 0.0100352, marker error: RMS = 0.01718, max = 0.0637658 (RBAK)
[2023-08-22 08:55:02.137] [info] Frame 453 (t = 3.02):	 total squared error = 0.0100515, marker error: RMS = 0.017194, max = 0.0638017 (RBAK)
[2023-08-22 08:55:02.195] [info] Frame 454 (t = 3.02667):	 total squared error = 0.0100594, marker error: RMS = 0.0172008, max = 0.0632884 (RBAK)
[2023-08-22 08:55:02.245] [info] Frame 455 (t = 3.03333):	 total squared error = 0.0100770, marker error: RMS = 0.0172158, max = 0.0630365 (RBAK)
[2023-08-22 08:55:02.277] [info] Frame 456 (t = 3.04):	 total squared error = 0.0101073, marker error: RMS = 0.0172416, max = 0.0626602 (RBAK)
[2023-08-22 08:55:02.346] [info] Frame 457 (t = 3.04667):	 total squared error = 0.0101265, marker error: RMS = 0.017258, max = 0.0623876 (RBAK)
[2023-08-22 08:55:02.405] [info] Frame 458 (t = 3.05333):	 total squared error = 0.0101624, marker error: RMS = 0.0172885, max = 0.0620883 (RBAK)
[2023-08-22 08:55:02.436] [info] Frame 459 (t = 3.06):	 total squared error = 0.0102149, marker error: RMS = 0.0173331, max = 0.0617453 (RBAK)
[2023-08-22 08:55:02.484] [info] Frame 460 (t = 3.06667):	 total squared error = 0.0102653, marker error: RMS = 0.0173759, max = 0.0615664 (RBAK)
[2023-08-22 08:55:02.515] [info] Frame 461 (t = 3.07333):	 total squared error = 0.0103414, marker error: RMS = 0.0174401, max = 0.0613367 (RBAK)
[2023-08-22 08:55:02.555] [info] Frame 462 (t = 3.08):	 total squared error = 0.0104242, marker error: RMS = 0.0175099, max = 0.0612428 (RBAK)
[2023-08-22 08:55:02.584] [info] Frame 463 (t = 3.08667):	 total squared error = 0.0105379, marker error: RMS = 0.0176050, max = 0.0608818 (RBAK)
[2023-08-22 08:55:02.627] [info] Frame 464 (t = 3.09333):	 total squared error = 0.0106561, marker error: RMS = 0.0177035, max = 0.0609715 (RBAK)
[2023-08-22 08:55:02.657] [info] Frame 465 (t = 3.1):	 total squared error = 0.0108105, marker error: RMS = 0.0178314, max = 0.0608869 (RBAK)
[2023-08-22 08:55:02.714] [info] Frame 466 (t = 3.10667):	 total squared error = 0.0109790, marker error: RMS = 0.0179697, max = 0.0608836 (RBAK)
[2023-08-22 08:55:02.744] [info] Frame 467 (t = 3.11333):	 total squared error = 0.0111831, marker error: RMS = 0.018136, max = 0.0608105 (RBAK)
[2023-08-22 08:55:02.786] [info] Frame 468 (t = 3.12):	 total squared error = 0.0113915, marker error: RMS = 0.0183042, max = 0.0611124 (RBAK)
[2023-08-22 08:55:02.831] [info] Frame 469 (t = 3.12667):	 total squared error = 0.0116168, marker error: RMS = 0.0184843, max = 0.061284 (RBAK)
[2023-08-22 08:55:02.860] [info] Frame 470 (t = 3.13333):	 total squared error = 0.011851, marker error: RMS = 0.0186697, max = 0.0613022 (RBAK)
[2023-08-22 08:55:02.912] [info] Frame 471 (t = 3.14):	 total squared error = 0.0120579, marker error: RMS = 0.018832, max = 0.0616277 (RBAK)
[2023-08-22 08:55:02.956] [info] Frame 472 (t = 3.14667):	 total squared error = 0.0122584, marker error: RMS = 0.0189879, max = 0.0618397 (RBAK)
[2023-08-22 08:55:03.004] [info] Frame 473 (t = 3.15333):	 total squared error = 0.0124239, marker error: RMS = 0.0191157, max = 0.0619523 (RBAK)
[2023-08-22 08:55:03.055] [info] Frame 474 (t = 3.16):	 total squared error = 0.012566, marker error: RMS = 0.0192247, max = 0.0621239 (RBAK)
[2023-08-22 08:55:03.086] [info] Frame 475 (t = 3.16667):	 total squared error = 0.0126875, marker error: RMS = 0.0193174, max = 0.0623277 (RBAK)
[2023-08-22 08:55:03.128] [info] Frame 476 (t = 3.17333):	 total squared error = 0.0127688, marker error: RMS = 0.0193792, max = 0.0625074 (RBAK)
[2023-08-22 08:55:03.162] [info] Frame 477 (t = 3.18):	 total squared error = 0.0128428, marker error: RMS = 0.0194353, max = 0.0626283 (RBAK)
[2023-08-22 08:55:03.199] [info] Frame 478 (t = 3.18667):	 total squared error = 0.0128909, marker error: RMS = 0.0194716, max = 0.0629326 (RBAK)
[2023-08-22 08:55:03.246] [info] Frame 479 (t = 3.19333):	 total squared error = 0.0129204, marker error: RMS = 0.0194939, max = 0.0631494 (RBAK)
[2023-08-22 08:55:03.289] [info] Frame 480 (t = 3.2):	 total squared error = 0.0129366, marker error: RMS = 0.0195061, max = 0.0633169 (RBAK)
[2023-08-22 08:55:03.320] [info] Frame 481 (t = 3.20667):	 total squared error = 0.0129401, marker error: RMS = 0.0195087, max = 0.063495 (RBAK)
[2023-08-22 08:55:03.366] [info] Frame 482 (t = 3.21333):	 total squared error = 0.0129238, marker error: RMS = 0.0194965, max = 0.0638511 (RBAK)
[2023-08-22 08:55:03.389] [info] InverseKinematicsTool completed 137 frames in 6 second(s).
[2023-08-22 10:25:27.571] [info] Loaded model P03 from file C:\Git\research_data\ESMAC_2023\simulations\P03\pre\P03_scaled.osim
[2023-08-22 10:25:27.726] [cout] [info] 
               MODEL: P03
         coordinates: 39
              forces: 97
           actuators: 97
             muscles: 80
            analyses: 0
              probes: 0
              bodies: 22
              joints: 22
         constraints: 2
             markers: 38
         controllers: 0
  contact geometries: 0
misc modelcomponents: 0
[2023-08-22 10:25:27.726] [info] Running tool .
[2023-08-22 10:25:28.340] [info] Frame 346 (t = 2.30667):	 total squared error = 0.0151262, marker error: RMS = 0.0210924, max = 0.0500627 (STRN)
[2023-08-22 10:25:28.377] [info] Frame 347 (t = 2.31333):	 total squared error = 0.0150416, marker error: RMS = 0.0210333, max = 0.0501791 (STRN)
[2023-08-22 10:25:28.414] [info] Frame 348 (t = 2.32):	 total squared error = 0.0149576, marker error: RMS = 0.0209745, max = 0.0500709 (STRN)
[2023-08-22 10:25:28.454] [info] Frame 349 (t = 2.32667):	 total squared error = 0.0148718, marker error: RMS = 0.0209143, max = 0.0501425 (STRN)
[2023-08-22 10:25:28.490] [info] Frame 350 (t = 2.33333):	 total squared error = 0.0147876, marker error: RMS = 0.0208550, max = 0.0501550 (STRN)
[2023-08-22 10:25:28.535] [info] Frame 351 (t = 2.34):	 total squared error = 0.0147084, marker error: RMS = 0.0207991, max = 0.0502535 (STRN)
[2023-08-22 10:25:28.576] [info] Frame 352 (t = 2.34667):	 total squared error = 0.0146392, marker error: RMS = 0.0207501, max = 0.0504139 (STRN)
[2023-08-22 10:25:28.613] [info] Frame 353 (t = 2.35333):	 total squared error = 0.0145852, marker error: RMS = 0.0207118, max = 0.0505755 (STRN)
[2023-08-22 10:25:28.656] [info] Frame 354 (t = 2.36):	 total squared error = 0.0145509, marker error: RMS = 0.0206874, max = 0.0507563 (STRN)
[2023-08-22 10:25:28.699] [info] Frame 355 (t = 2.36667):	 total squared error = 0.0145397, marker error: RMS = 0.0206794, max = 0.0509163 (STRN)
[2023-08-22 10:25:28.738] [info] Frame 356 (t = 2.37333):	 total squared error = 0.0145528, marker error: RMS = 0.0206887, max = 0.0511633 (STRN)
[2023-08-22 10:25:28.784] [info] Frame 357 (t = 2.38):	 total squared error = 0.0145894, marker error: RMS = 0.0207147, max = 0.0513458 (STRN)
[2023-08-22 10:25:28.827] [info] Frame 358 (t = 2.38667):	 total squared error = 0.0146466, marker error: RMS = 0.0207553, max = 0.0515251 (STRN)
[2023-08-22 10:25:28.867] [info] Frame 359 (t = 2.39333):	 total squared error = 0.0147208, marker error: RMS = 0.0208078, max = 0.051718 (STRN)
[2023-08-22 10:25:28.898] [info] Frame 360 (t = 2.4):	 total squared error = 0.0148269, marker error: RMS = 0.0208827, max = 0.0524648 (STRN)
[2023-08-22 10:25:28.953] [info] Frame 361 (t = 2.40667):	 total squared error = 0.0149050, marker error: RMS = 0.0209376, max = 0.0521494 (STRN)
[2023-08-22 10:25:29.017] [info] Frame 362 (t = 2.41333):	 total squared error = 0.0150103, marker error: RMS = 0.0210114, max = 0.0522495 (STRN)
[2023-08-22 10:25:29.064] [info] Frame 363 (t = 2.42):	 total squared error = 0.015122, marker error: RMS = 0.0210894, max = 0.0523322 (STRN)
[2023-08-22 10:25:29.105] [info] Frame 364 (t = 2.42667):	 total squared error = 0.0152391, marker error: RMS = 0.0211709, max = 0.0524485 (STRN)
[2023-08-22 10:25:29.149] [info] Frame 365 (t = 2.43333):	 total squared error = 0.0153597, marker error: RMS = 0.0212545, max = 0.0525577 (STRN)
[2023-08-22 10:25:29.200] [info] Frame 366 (t = 2.44):	 total squared error = 0.0154804, marker error: RMS = 0.0213379, max = 0.0526387 (STRN)
[2023-08-22 10:25:29.257] [info] Frame 367 (t = 2.44667):	 total squared error = 0.0155959, marker error: RMS = 0.0214173, max = 0.0527322 (STRN)
[2023-08-22 10:25:29.296] [info] Frame 368 (t = 2.45333):	 total squared error = 0.0156993, marker error: RMS = 0.0214882, max = 0.0527757 (STRN)
[2023-08-22 10:25:29.338] [info] Frame 369 (t = 2.46):	 total squared error = 0.0157843, marker error: RMS = 0.0215463, max = 0.0528554 (STRN)
[2023-08-22 10:25:29.387] [info] Frame 370 (t = 2.46667):	 total squared error = 0.0158455, marker error: RMS = 0.0215881, max = 0.0529292 (STRN)
[2023-08-22 10:25:29.428] [info] Frame 371 (t = 2.47333):	 total squared error = 0.0158805, marker error: RMS = 0.0216119, max = 0.0528849 (STRN)
[2023-08-22 10:25:29.479] [info] Frame 372 (t = 2.48):	 total squared error = 0.01589, marker error: RMS = 0.0216183, max = 0.0529654 (STRN)
[2023-08-22 10:25:29.527] [info] Frame 373 (t = 2.48667):	 total squared error = 0.0158786, marker error: RMS = 0.0216106, max = 0.0530007 (STRN)
[2023-08-22 10:25:29.555] [info] Frame 374 (t = 2.49333):	 total squared error = 0.0158593, marker error: RMS = 0.0215975, max = 0.0530044 (STRN)
[2023-08-22 10:25:29.606] [info] Frame 375 (t = 2.5):	 total squared error = 0.0158187, marker error: RMS = 0.0215698, max = 0.0530028 (STRN)
[2023-08-22 10:25:29.640] [info] Frame 376 (t = 2.50667):	 total squared error = 0.0157875, marker error: RMS = 0.0215485, max = 0.0528991 (STRN)
[2023-08-22 10:25:29.678] [info] Frame 377 (t = 2.51333):	 total squared error = 0.0157473, marker error: RMS = 0.021521, max = 0.0529884 (STRN)
[2023-08-22 10:25:29.717] [info] Frame 378 (t = 2.52):	 total squared error = 0.0157127, marker error: RMS = 0.0214974, max = 0.052999 (STRN)
[2023-08-22 10:25:29.761] [info] Frame 379 (t = 2.52667):	 total squared error = 0.0156768, marker error: RMS = 0.0214728, max = 0.0530786 (STRN)
[2023-08-22 10:25:29.806] [info] Frame 380 (t = 2.53333):	 total squared error = 0.0156347, marker error: RMS = 0.021444, max = 0.0530616 (STRN)
[2023-08-22 10:25:29.847] [info] Frame 381 (t = 2.54):	 total squared error = 0.0155822, marker error: RMS = 0.0214080, max = 0.0530336 (STRN)
[2023-08-22 10:25:29.885] [info] Frame 382 (t = 2.54667):	 total squared error = 0.015515, marker error: RMS = 0.0213617, max = 0.0529328 (STRN)
[2023-08-22 10:25:29.913] [info] Frame 383 (t = 2.55333):	 total squared error = 0.0154363, marker error: RMS = 0.0213075, max = 0.0530210 (STRN)
[2023-08-22 10:25:29.971] [info] Frame 384 (t = 2.56):	 total squared error = 0.0153151, marker error: RMS = 0.0212237, max = 0.0531711 (STRN)
[2023-08-22 10:25:30.031] [info] Frame 385 (t = 2.56667):	 total squared error = 0.0151853, marker error: RMS = 0.0211335, max = 0.0531732 (STRN)
[2023-08-22 10:25:30.084] [info] Frame 386 (t = 2.57333):	 total squared error = 0.0150365, marker error: RMS = 0.0210298, max = 0.0531527 (STRN)
[2023-08-22 10:25:30.125] [info] Frame 387 (t = 2.58):	 total squared error = 0.014875, marker error: RMS = 0.0209165, max = 0.0530602 (STRN)
[2023-08-22 10:25:30.170] [info] Frame 388 (t = 2.58667):	 total squared error = 0.0147039, marker error: RMS = 0.0207959, max = 0.0531599 (STRN)
[2023-08-22 10:25:30.225] [info] Frame 389 (t = 2.59333):	 total squared error = 0.0145334, marker error: RMS = 0.0206749, max = 0.0532329 (STRN)
[2023-08-22 10:25:30.252] [info] Frame 390 (t = 2.6):	 total squared error = 0.0143833, marker error: RMS = 0.0205679, max = 0.0532508 (STRN)
[2023-08-22 10:25:30.301] [info] Frame 391 (t = 2.60667):	 total squared error = 0.0142316, marker error: RMS = 0.0204592, max = 0.053161 (STRN)
[2023-08-22 10:25:30.342] [info] Frame 392 (t = 2.61333):	 total squared error = 0.0141179, marker error: RMS = 0.0203773, max = 0.053175 (STRN)
[2023-08-22 10:25:30.393] [info] Frame 393 (t = 2.62):	 total squared error = 0.0140387, marker error: RMS = 0.0203200, max = 0.0531615 (STRN)
[2023-08-22 10:25:30.418] [info] Frame 394 (t = 2.62667):	 total squared error = 0.0140137, marker error: RMS = 0.0203019, max = 0.0531241 (STRN)
[2023-08-22 10:25:30.463] [info] Frame 395 (t = 2.63333):	 total squared error = 0.0140123, marker error: RMS = 0.0203009, max = 0.0528643 (STRN)
[2023-08-22 10:25:30.511] [info] Frame 396 (t = 2.64):	 total squared error = 0.0140635, marker error: RMS = 0.0203380, max = 0.0528221 (STRN)
[2023-08-22 10:25:30.558] [info] Frame 397 (t = 2.64667):	 total squared error = 0.0141553, marker error: RMS = 0.0204042, max = 0.0528341 (STRN)
[2023-08-22 10:25:30.616] [info] Frame 398 (t = 2.65333):	 total squared error = 0.0142777, marker error: RMS = 0.0204922, max = 0.0529642 (STRN)
[2023-08-22 10:25:30.659] [info] Frame 399 (t = 2.66):	 total squared error = 0.014425, marker error: RMS = 0.0205977, max = 0.0527259 (STRN)
[2023-08-22 10:25:30.703] [info] Frame 400 (t = 2.66667):	 total squared error = 0.0145788, marker error: RMS = 0.0207072, max = 0.052611 (STRN)
[2023-08-22 10:25:30.752] [info] Frame 401 (t = 2.67333):	 total squared error = 0.0147226, marker error: RMS = 0.0208091, max = 0.0527428 (STRN)
[2023-08-22 10:25:30.786] [info] Frame 402 (t = 2.68):	 total squared error = 0.0148588, marker error: RMS = 0.0209051, max = 0.0524355 (STRN)
[2023-08-22 10:25:30.834] [info] Frame 403 (t = 2.68667):	 total squared error = 0.0149549, marker error: RMS = 0.0209726, max = 0.0526258 (STRN)
[2023-08-22 10:25:30.886] [info] Frame 404 (t = 2.69333):	 total squared error = 0.0150291, marker error: RMS = 0.0210246, max = 0.0525401 (STRN)
[2023-08-22 10:25:30.923] [info] Frame 405 (t = 2.7):	 total squared error = 0.0150786, marker error: RMS = 0.0210591, max = 0.0523255 (STRN)
[2023-08-22 10:25:30.956] [info] Frame 406 (t = 2.70667):	 total squared error = 0.0151033, marker error: RMS = 0.0210764, max = 0.0521934 (STRN)
[2023-08-22 10:25:30.987] [info] Frame 407 (t = 2.71333):	 total squared error = 0.0151041, marker error: RMS = 0.0210770, max = 0.0521061 (STRN)
[2023-08-22 10:25:31.016] [info] Frame 408 (t = 2.72):	 total squared error = 0.0150875, marker error: RMS = 0.0210654, max = 0.0520826 (STRN)
[2023-08-22 10:25:31.032] [info] Frame 409 (t = 2.72667):	 total squared error = 0.0150562, marker error: RMS = 0.0210435, max = 0.0519304 (STRN)
[2023-08-22 10:25:31.064] [info] Frame 410 (t = 2.73333):	 total squared error = 0.0150033, marker error: RMS = 0.0210065, max = 0.051945 (STRN)
[2023-08-22 10:25:31.097] [info] Frame 411 (t = 2.74):	 total squared error = 0.0149314, marker error: RMS = 0.0209561, max = 0.0518662 (STRN)
[2023-08-22 10:25:31.132] [info] Frame 412 (t = 2.74667):	 total squared error = 0.0148385, marker error: RMS = 0.0208909, max = 0.0518076 (STRN)
[2023-08-22 10:25:31.174] [info] Frame 413 (t = 2.75333):	 total squared error = 0.0147222, marker error: RMS = 0.0208088, max = 0.0517581 (STRN)
[2023-08-22 10:25:31.214] [info] Frame 414 (t = 2.76):	 total squared error = 0.0145832, marker error: RMS = 0.0207103, max = 0.0517038 (STRN)
[2023-08-22 10:25:31.249] [info] Frame 415 (t = 2.76667):	 total squared error = 0.0144239, marker error: RMS = 0.0205969, max = 0.0516473 (STRN)
[2023-08-22 10:25:31.288] [info] Frame 416 (t = 2.77333):	 total squared error = 0.0142497, marker error: RMS = 0.0204722, max = 0.0516841 (STRN)
[2023-08-22 10:25:31.333] [info] Frame 417 (t = 2.78):	 total squared error = 0.0140713, marker error: RMS = 0.0203436, max = 0.0516050 (STRN)
[2023-08-22 10:25:31.375] [info] Frame 418 (t = 2.78667):	 total squared error = 0.0138943, marker error: RMS = 0.0202153, max = 0.0515398 (STRN)
[2023-08-22 10:25:31.404] [info] Frame 419 (t = 2.79333):	 total squared error = 0.0137256, marker error: RMS = 0.0200921, max = 0.0517748 (STRN)
[2023-08-22 10:25:31.442] [info] Frame 420 (t = 2.8):	 total squared error = 0.0135788, marker error: RMS = 0.0199844, max = 0.0515539 (STRN)
[2023-08-22 10:25:31.485] [info] Frame 421 (t = 2.80667):	 total squared error = 0.0134531, marker error: RMS = 0.0198917, max = 0.0516023 (STRN)
[2023-08-22 10:25:31.529] [info] Frame 422 (t = 2.81333):	 total squared error = 0.0133542, marker error: RMS = 0.0198185, max = 0.0516725 (STRN)
[2023-08-22 10:25:31.582] [info] Frame 423 (t = 2.82):	 total squared error = 0.0132829, marker error: RMS = 0.0197655, max = 0.0517533 (STRN)
[2023-08-22 10:25:31.636] [info] Frame 424 (t = 2.82667):	 total squared error = 0.0132374, marker error: RMS = 0.0197316, max = 0.0517048 (STRN)
[2023-08-22 10:25:31.679] [info] Frame 425 (t = 2.83333):	 total squared error = 0.0132116, marker error: RMS = 0.0197123, max = 0.0517295 (STRN)
[2023-08-22 10:25:31.705] [info] Frame 426 (t = 2.84):	 total squared error = 0.0132098, marker error: RMS = 0.019711, max = 0.0526061 (STRN)
[2023-08-22 10:25:31.760] [info] Frame 427 (t = 2.84667):	 total squared error = 0.0131958, marker error: RMS = 0.0197005, max = 0.0516628 (STRN)
[2023-08-22 10:25:31.801] [info] Frame 428 (t = 2.85333):	 total squared error = 0.0131934, marker error: RMS = 0.0196988, max = 0.0518548 (STRN)
[2023-08-22 10:25:31.837] [info] Frame 429 (t = 2.86):	 total squared error = 0.0131945, marker error: RMS = 0.0196995, max = 0.0518911 (STRN)
[2023-08-22 10:25:31.871] [info] Frame 430 (t = 2.86667):	 total squared error = 0.0132001, marker error: RMS = 0.0197037, max = 0.0517636 (STRN)
[2023-08-22 10:25:31.963] [info] Frame 431 (t = 2.87333):	 total squared error = 0.0132143, marker error: RMS = 0.0197143, max = 0.0518282 (STRN)
[2023-08-22 10:25:32.017] [info] Frame 432 (t = 2.88):	 total squared error = 0.013244, marker error: RMS = 0.0197365, max = 0.0518773 (STRN)
[2023-08-22 10:25:32.073] [info] Frame 433 (t = 2.88667):	 total squared error = 0.0132952, marker error: RMS = 0.0197746, max = 0.0518286 (STRN)
[2023-08-22 10:25:32.124] [info] Frame 434 (t = 2.89333):	 total squared error = 0.0133717, marker error: RMS = 0.0198314, max = 0.0518924 (STRN)
[2023-08-22 10:25:32.156] [info] Frame 435 (t = 2.9):	 total squared error = 0.013484, marker error: RMS = 0.0199145, max = 0.0523034 (STRN)
[2023-08-22 10:25:32.212] [info] Frame 436 (t = 2.90667):	 total squared error = 0.0136030, marker error: RMS = 0.0200022, max = 0.0519186 (STRN)
[2023-08-22 10:25:32.266] [info] Frame 437 (t = 2.91333):	 total squared error = 0.0137492, marker error: RMS = 0.0201094, max = 0.0520168 (STRN)
[2023-08-22 10:25:32.315] [info] Frame 438 (t = 2.92):	 total squared error = 0.0139073, marker error: RMS = 0.0202247, max = 0.0521395 (STRN)
[2023-08-22 10:25:32.345] [info] Frame 439 (t = 2.92667):	 total squared error = 0.0140815, marker error: RMS = 0.0203509, max = 0.0523205 (STRN)
[2023-08-22 10:25:32.395] [info] Frame 440 (t = 2.93333):	 total squared error = 0.0142267, marker error: RMS = 0.0204556, max = 0.0522325 (STRN)
[2023-08-22 10:25:32.439] [info] Frame 441 (t = 2.94):	 total squared error = 0.0143747, marker error: RMS = 0.0205617, max = 0.0522441 (STRN)
[2023-08-22 10:25:32.467] [info] Frame 442 (t = 2.94667):	 total squared error = 0.014514, marker error: RMS = 0.0206611, max = 0.0522688 (STRN)
[2023-08-22 10:25:32.511] [info] Frame 443 (t = 2.95333):	 total squared error = 0.0146251, marker error: RMS = 0.0207401, max = 0.052325 (STRN)
[2023-08-22 10:25:32.540] [info] Frame 444 (t = 2.96):	 total squared error = 0.0147314, marker error: RMS = 0.0208153, max = 0.0522503 (STRN)
[2023-08-22 10:25:32.577] [info] Frame 445 (t = 2.96667):	 total squared error = 0.0148071, marker error: RMS = 0.0208687, max = 0.0522789 (STRN)
[2023-08-22 10:25:32.602] [info] Frame 446 (t = 2.97333):	 total squared error = 0.0148796, marker error: RMS = 0.0209197, max = 0.0523192 (STRN)
[2023-08-22 10:25:32.626] [info] Frame 447 (t = 2.98):	 total squared error = 0.0149366, marker error: RMS = 0.0209598, max = 0.0521626 (STRN)
[2023-08-22 10:25:32.672] [info] Frame 448 (t = 2.98667):	 total squared error = 0.0149593, marker error: RMS = 0.0209757, max = 0.0525035 (STRN)
[2023-08-22 10:25:32.706] [info] Frame 449 (t = 2.99333):	 total squared error = 0.0149925, marker error: RMS = 0.0209990, max = 0.0523367 (STRN)
[2023-08-22 10:25:32.731] [info] Frame 450 (t = 3.0):	 total squared error = 0.0150251, marker error: RMS = 0.0210218, max = 0.0522877 (STRN)
[2023-08-22 10:25:32.779] [info] Frame 451 (t = 3.00667):	 total squared error = 0.0150319, marker error: RMS = 0.0210265, max = 0.052667 (STRN)
[2023-08-22 10:25:32.831] [info] Frame 452 (t = 3.01333):	 total squared error = 0.0150530, marker error: RMS = 0.0210412, max = 0.0527245 (STRN)
[2023-08-22 10:25:32.890] [info] Frame 453 (t = 3.02):	 total squared error = 0.0150751, marker error: RMS = 0.0210567, max = 0.05274 (STRN)
[2023-08-22 10:25:32.920] [info] Frame 454 (t = 3.02667):	 total squared error = 0.0151033, marker error: RMS = 0.0210764, max = 0.0524523 (STRN)
[2023-08-22 10:25:32.949] [info] Frame 455 (t = 3.03333):	 total squared error = 0.0151313, marker error: RMS = 0.0210959, max = 0.0522743 (STRN)
[2023-08-22 10:25:32.975] [info] Frame 456 (t = 3.04):	 total squared error = 0.015162, marker error: RMS = 0.0211173, max = 0.0520616 (STRN)
[2023-08-22 10:25:33.011] [info] Frame 457 (t = 3.04667):	 total squared error = 0.0151714, marker error: RMS = 0.0211239, max = 0.0525152 (STRN)
[2023-08-22 10:25:33.042] [info] Frame 458 (t = 3.05333):	 total squared error = 0.0151921, marker error: RMS = 0.0211383, max = 0.0522781 (STRN)
[2023-08-22 10:25:33.080] [info] Frame 459 (t = 3.06):	 total squared error = 0.0151945, marker error: RMS = 0.02114, max = 0.0522041 (STRN)
[2023-08-22 10:25:33.132] [info] Frame 460 (t = 3.06667):	 total squared error = 0.0151842, marker error: RMS = 0.0211327, max = 0.0524993 (STRN)
[2023-08-22 10:25:33.179] [info] Frame 461 (t = 3.07333):	 total squared error = 0.0151636, marker error: RMS = 0.0211185, max = 0.0522528 (STRN)
[2023-08-22 10:25:33.205] [info] Frame 462 (t = 3.08):	 total squared error = 0.0151347, marker error: RMS = 0.0210983, max = 0.0519764 (STRN)
[2023-08-22 10:25:33.254] [info] Frame 463 (t = 3.08667):	 total squared error = 0.0150800, marker error: RMS = 0.0210601, max = 0.0520808 (STRN)
[2023-08-22 10:25:33.282] [info] Frame 464 (t = 3.09333):	 total squared error = 0.0150284, marker error: RMS = 0.0210241, max = 0.051731 (STRN)
[2023-08-22 10:25:33.323] [info] Frame 465 (t = 3.1):	 total squared error = 0.0149643, marker error: RMS = 0.0209792, max = 0.0514192 (STRN)
[2023-08-22 10:25:33.365] [info] Frame 466 (t = 3.10667):	 total squared error = 0.0149033, marker error: RMS = 0.0209364, max = 0.0513508 (STRN)
[2023-08-22 10:25:33.419] [info] Frame 467 (t = 3.11333):	 total squared error = 0.0148484, marker error: RMS = 0.0208978, max = 0.0513585 (STRN)
[2023-08-22 10:25:33.474] [info] Frame 468 (t = 3.12):	 total squared error = 0.0148082, marker error: RMS = 0.0208695, max = 0.0510401 (STRN)
[2023-08-22 10:25:33.517] [info] Frame 469 (t = 3.12667):	 total squared error = 0.0147816, marker error: RMS = 0.0208507, max = 0.0505867 (STRN)
[2023-08-22 10:25:33.565] [info] Frame 470 (t = 3.13333):	 total squared error = 0.0147625, marker error: RMS = 0.0208372, max = 0.0505223 (STRN)
[2023-08-22 10:25:33.602] [info] Frame 471 (t = 3.14):	 total squared error = 0.0147558, marker error: RMS = 0.0208325, max = 0.0501631 (STRN)
[2023-08-22 10:25:33.651] [info] Frame 472 (t = 3.14667):	 total squared error = 0.0147497, marker error: RMS = 0.0208282, max = 0.0500664 (STRN)
[2023-08-22 10:25:33.716] [info] Frame 473 (t = 3.15333):	 total squared error = 0.0147461, marker error: RMS = 0.0208257, max = 0.0498534 (STRN)
[2023-08-22 10:25:33.762] [info] Frame 474 (t = 3.16):	 total squared error = 0.0147436, marker error: RMS = 0.0208239, max = 0.0494945 (STRN)
[2023-08-22 10:25:33.793] [info] Frame 475 (t = 3.16667):	 total squared error = 0.0147422, marker error: RMS = 0.0208229, max = 0.0490781 (STRN)
[2023-08-22 10:25:33.824] [info] Frame 476 (t = 3.17333):	 total squared error = 0.014735, marker error: RMS = 0.0208178, max = 0.0487104 (STRN)
[2023-08-22 10:25:33.871] [info] Frame 477 (t = 3.18):	 total squared error = 0.0147082, marker error: RMS = 0.0207989, max = 0.0487177 (STRN)
[2023-08-22 10:25:33.905] [info] Frame 478 (t = 3.18667):	 total squared error = 0.0146962, marker error: RMS = 0.0207904, max = 0.0484466 (STRN)
[2023-08-22 10:25:33.936] [info] Frame 479 (t = 3.19333):	 total squared error = 0.0146827, marker error: RMS = 0.0207809, max = 0.0482314 (STRN)
[2023-08-22 10:25:33.979] [info] Frame 480 (t = 3.2):	 total squared error = 0.0146554, marker error: RMS = 0.0207615, max = 0.0479836 (STRN)
[2023-08-22 10:25:34.010] [info] Frame 481 (t = 3.20667):	 total squared error = 0.0146341, marker error: RMS = 0.0207464, max = 0.0479221 (STRN)
[2023-08-22 10:25:34.044] [info] Frame 482 (t = 3.21333):	 total squared error = 0.0146089, marker error: RMS = 0.0207286, max = 0.0477657 (STRN)
[2023-08-22 10:25:34.066] [info] InverseKinematicsTool completed 137 frames in 6 second(s).
